{"meta": {"format": 3, "version": "7.13.0", "timestamp": "2025-12-26T15:39:14.872268", "branch_coverage": false, "show_contexts": false}, "files": {"src/capybara/__init__.py": {"executed_lines": [1, 3], "summary": {"covered_lines": 1, "num_statements": 1, "percent_covered": 100.0, "percent_covered_display": "100.00", "missing_lines": 0, "excluded_lines": 0, "percent_statements_covered": 100.0, "percent_statements_covered_display": "100.00"}, "missing_lines": [], "excluded_lines": [], "functions": {"": {"executed_lines": [1, 3], "summary": {"covered_lines": 1, "num_statements": 1, "percent_covered": 100.0, "percent_covered_display": "100.00", "missing_lines": 0, "excluded_lines": 0, "percent_statements_covered": 100.0, "percent_statements_covered_display": "100.00"}, "missing_lines": [], "excluded_lines": []}}, "classes": {"": {"executed_lines": [1, 3], "summary": {"covered_lines": 1, "num_statements": 1, "percent_covered": 100.0, "percent_covered_display": "100.00", "missing_lines": 0, "excluded_lines": 0, "percent_statements_covered": 100.0, "percent_statements_covered_display": "100.00"}, "missing_lines": [], "excluded_lines": []}}}, "src/capybara/__main__.py": {"executed_lines": [], "summary": {"covered_lines": 0, "num_statements": 1, "percent_covered": 0.0, "percent_covered_display": "0.00", "missing_lines": 1, "excluded_lines": 2, "percent_statements_covered": 0.0, "percent_statements_covered_display": "0.00"}, "missing_lines": [3], "excluded_lines": [5, 6], "functions": {"": {"executed_lines": [], "summary": {"covered_lines": 0, "num_statements": 1, "percent_covered": 0.0, "percent_covered_display": "0.00", "missing_lines": 1, "excluded_lines": 2, "percent_statements_covered": 0.0, "percent_statements_covered_display": "0.00"}, "missing_lines": [3], "excluded_lines": [5, 6]}}, "classes": {"": {"executed_lines": [], "summary": {"covered_lines": 0, "num_statements": 1, "percent_covered": 0.0, "percent_covered_display": "0.00", "missing_lines": 1, "excluded_lines": 2, "percent_statements_covered": 0.0, "percent_statements_covered_display": "0.00"}, "missing_lines": [3], "excluded_lines": [5, 6]}}}, "src/capybara/cli/__init__.py": {"executed_lines": [], "summary": {"covered_lines": 0, "num_statements": 0, "percent_covered": 100.0, "percent_covered_display": "100.00", "missing_lines": 0, "excluded_lines": 0, "percent_statements_covered": 100.0, "percent_statements_covered_display": "100.00"}, "missing_lines": [], "excluded_lines": [], "functions": {"": {"executed_lines": [], "summary": {"covered_lines": 0, "num_statements": 0, "percent_covered": 100.0, "percent_covered_display": "100.00", "missing_lines": 0, "excluded_lines": 0, "percent_statements_covered": 100.0, "percent_statements_covered_display": "100.00"}, "missing_lines": [], "excluded_lines": []}}, "classes": {"": {"executed_lines": [], "summary": {"covered_lines": 0, "num_statements": 0, "percent_covered": 100.0, "percent_covered_display": "100.00", "missing_lines": 0, "excluded_lines": 0, "percent_statements_covered": 100.0, "percent_statements_covered_display": "100.00"}, "missing_lines": [], "excluded_lines": []}}}, "src/capybara/cli/commands/__init__.py": {"executed_lines": [], "summary": {"covered_lines": 0, "num_statements": 0, "percent_covered": 100.0, "percent_covered_display": "100.00", "missing_lines": 0, "excluded_lines": 0, "percent_statements_covered": 100.0, "percent_statements_covered_display": "100.00"}, "missing_lines": [], "excluded_lines": [], "functions": {"": {"executed_lines": [], "summary": {"covered_lines": 0, "num_statements": 0, "percent_covered": 100.0, "percent_covered_display": "100.00", "missing_lines": 0, "excluded_lines": 0, "percent_statements_covered": 100.0, "percent_statements_covered_display": "100.00"}, "missing_lines": [], "excluded_lines": []}}, "classes": {"": {"executed_lines": [], "summary": {"covered_lines": 0, "num_statements": 0, "percent_covered": 100.0, "percent_covered_display": "100.00", "missing_lines": 0, "excluded_lines": 0, "percent_statements_covered": 100.0, "percent_statements_covered_display": "100.00"}, "missing_lines": [], "excluded_lines": []}}}, "src/capybara/cli/interactive.py": {"executed_lines": [], "summary": {"covered_lines": 0, "num_statements": 199, "percent_covered": 0.0, "percent_covered_display": "0.00", "missing_lines": 199, "excluded_lines": 0, "percent_statements_covered": 0.0, "percent_statements_covered_display": "0.00"}, "missing_lines": [3, 4, 6, 7, 8, 9, 10, 11, 13, 14, 15, 16, 17, 18, 19, 20, 21, 22, 23, 24, 25, 27, 28, 31, 38, 53, 55, 56, 59, 60, 62, 64, 65, 67, 69, 70, 72, 74, 75, 77, 80, 81, 84, 86, 87, 90, 91, 92, 93, 94, 95, 96, 97, 98, 99, 102, 104, 105, 106, 109, 110, 112, 113, 123, 125, 127, 128, 131, 133, 134, 135, 137, 138, 141, 142, 144, 150, 152, 153, 155, 157, 158, 160, 161, 165, 174, 177, 178, 179, 180, 181, 183, 184, 185, 187, 188, 189, 191, 192, 193, 194, 195, 196, 197, 198, 199, 200, 201, 202, 209, 210, 213, 215, 216, 218, 219, 220, 221, 222, 223, 225, 226, 227, 228, 231, 232, 234, 235, 238, 256, 258, 261, 262, 263, 264, 265, 268, 269, 272, 273, 274, 275, 276, 277, 278, 279, 280, 281, 284, 286, 287, 288, 291, 292, 295, 296, 297, 299, 300, 310, 311, 313, 319, 321, 322, 324, 327, 337, 338, 339, 340, 341, 343, 344, 345, 346, 347, 348, 349, 350, 351, 352, 353, 354, 357, 360, 361, 364, 367, 369, 371, 372, 373, 374, 375, 376, 377, 380, 381], "excluded_lines": [], "functions": {"interactive_chat": {"executed_lines": [], "summary": {"covered_lines": 0, "num_statements": 95, "percent_covered": 0.0, "percent_covered_display": "0.00", "missing_lines": 95, "excluded_lines": 0, "percent_statements_covered": 0.0, "percent_statements_covered_display": "0.00"}, "missing_lines": [53, 55, 56, 59, 60, 62, 64, 65, 67, 69, 70, 72, 74, 75, 77, 80, 81, 84, 86, 87, 90, 91, 92, 93, 94, 95, 96, 97, 98, 99, 102, 104, 105, 106, 109, 110, 112, 113, 123, 125, 131, 137, 138, 141, 142, 144, 150, 152, 153, 157, 158, 165, 174, 177, 178, 179, 180, 181, 183, 184, 185, 187, 188, 189, 191, 192, 193, 194, 195, 196, 197, 198, 199, 200, 201, 202, 209, 210, 213, 215, 216, 218, 219, 220, 221, 222, 223, 225, 226, 227, 228, 231, 232, 234, 235], "excluded_lines": []}, "interactive_chat.render_todo_panel": {"executed_lines": [], "summary": {"covered_lines": 0, "num_statements": 2, "percent_covered": 0.0, "percent_covered_display": "0.00", "missing_lines": 2, "excluded_lines": 0, "percent_statements_covered": 0.0, "percent_statements_covered_display": "0.00"}, "missing_lines": [127, 128], "excluded_lines": []}, "interactive_chat.on_todos_changed": {"executed_lines": [], "summary": {"covered_lines": 0, "num_statements": 3, "percent_covered": 0.0, "percent_covered_display": "0.00", "missing_lines": 3, "excluded_lines": 0, "percent_statements_covered": 0.0, "percent_statements_covered_display": "0.00"}, "missing_lines": [133, 134, 135], "excluded_lines": []}, "interactive_chat.interrupt": {"executed_lines": [], "summary": {"covered_lines": 0, "num_statements": 1, "percent_covered": 0.0, "percent_covered_display": "0.00", "missing_lines": 1, "excluded_lines": 0, "percent_statements_covered": 0.0, "percent_statements_covered_display": "0.00"}, "missing_lines": [155], "excluded_lines": []}, "interactive_chat.toggle_todos": {"executed_lines": [], "summary": {"covered_lines": 0, "num_statements": 2, "percent_covered": 0.0, "percent_covered_display": "0.00", "missing_lines": 2, "excluded_lines": 0, "percent_statements_covered": 0.0, "percent_statements_covered_display": "0.00"}, "missing_lines": [160, 161], "excluded_lines": []}, "interactive_chat_with_session": {"executed_lines": [], "summary": {"covered_lines": 0, "num_statements": 69, "percent_covered": 0.0, "percent_covered_display": "0.00", "missing_lines": 69, "excluded_lines": 0, "percent_statements_covered": 0.0, "percent_statements_covered_display": "0.00"}, "missing_lines": [256, 258, 261, 262, 263, 264, 265, 268, 269, 272, 273, 274, 275, 276, 277, 278, 279, 280, 281, 284, 286, 287, 288, 291, 292, 295, 296, 297, 299, 300, 310, 311, 313, 319, 321, 322, 327, 337, 338, 339, 340, 341, 343, 344, 345, 346, 347, 348, 349, 350, 351, 352, 353, 354, 357, 360, 361, 364, 367, 369, 371, 372, 373, 374, 375, 376, 377, 380, 381], "excluded_lines": []}, "interactive_chat_with_session.interrupt": {"executed_lines": [], "summary": {"covered_lines": 0, "num_statements": 1, "percent_covered": 0.0, "percent_covered_display": "0.00", "missing_lines": 1, "excluded_lines": 0, "percent_statements_covered": 0.0, "percent_statements_covered_display": "0.00"}, "missing_lines": [324], "excluded_lines": []}, "": {"executed_lines": [], "summary": {"covered_lines": 0, "num_statements": 26, "percent_covered": 0.0, "percent_covered_display": "0.00", "missing_lines": 26, "excluded_lines": 0, "percent_statements_covered": 0.0, "percent_statements_covered_display": "0.00"}, "missing_lines": [3, 4, 6, 7, 8, 9, 10, 11, 13, 14, 15, 16, 17, 18, 19, 20, 21, 22, 23, 24, 25, 27, 28, 31, 38, 238], "excluded_lines": []}}, "classes": {"": {"executed_lines": [], "summary": {"covered_lines": 0, "num_statements": 199, "percent_covered": 0.0, "percent_covered_display": "0.00", "missing_lines": 199, "excluded_lines": 0, "percent_statements_covered": 0.0, "percent_statements_covered_display": "0.00"}, "missing_lines": [3, 4, 6, 7, 8, 9, 10, 11, 13, 14, 15, 16, 17, 18, 19, 20, 21, 22, 23, 24, 25, 27, 28, 31, 38, 53, 55, 56, 59, 60, 62, 64, 65, 67, 69, 70, 72, 74, 75, 77, 80, 81, 84, 86, 87, 90, 91, 92, 93, 94, 95, 96, 97, 98, 99, 102, 104, 105, 106, 109, 110, 112, 113, 123, 125, 127, 128, 131, 133, 134, 135, 137, 138, 141, 142, 144, 150, 152, 153, 155, 157, 158, 160, 161, 165, 174, 177, 178, 179, 180, 181, 183, 184, 185, 187, 188, 189, 191, 192, 193, 194, 195, 196, 197, 198, 199, 200, 201, 202, 209, 210, 213, 215, 216, 218, 219, 220, 221, 222, 223, 225, 226, 227, 228, 231, 232, 234, 235, 238, 256, 258, 261, 262, 263, 264, 265, 268, 269, 272, 273, 274, 275, 276, 277, 278, 279, 280, 281, 284, 286, 287, 288, 291, 292, 295, 296, 297, 299, 300, 310, 311, 313, 319, 321, 322, 324, 327, 337, 338, 339, 340, 341, 343, 344, 345, 346, 347, 348, 349, 350, 351, 352, 353, 354, 357, 360, 361, 364, 367, 369, 371, 372, 373, 374, 375, 376, 377, 380, 381], "excluded_lines": []}}}, "src/capybara/cli/main.py": {"executed_lines": [], "summary": {"covered_lines": 0, "num_statements": 133, "percent_covered": 0.0, "percent_covered_display": "0.00", "missing_lines": 133, "excluded_lines": 2, "percent_statements_covered": 0.0, "percent_statements_covered_display": "0.00"}, "missing_lines": [3, 6, 7, 9, 10, 11, 13, 14, 15, 18, 20, 23, 24, 25, 27, 30, 31, 32, 33, 39, 40, 45, 48, 49, 50, 51, 52, 58, 60, 63, 64, 66, 67, 68, 71, 72, 74, 75, 84, 85, 86, 88, 90, 91, 92, 93, 96, 97, 98, 100, 103, 104, 106, 109, 110, 111, 112, 114, 117, 119, 121, 122, 124, 127, 129, 130, 131, 132, 133, 134, 135, 137, 138, 141, 142, 145, 147, 149, 150, 151, 153, 154, 157, 158, 159, 160, 161, 162, 163, 164, 165, 167, 168, 170, 171, 174, 175, 177, 178, 187, 190, 191, 194, 196, 197, 199, 200, 202, 204, 205, 206, 208, 209, 210, 211, 212, 214, 215, 222, 223, 226, 228, 230, 231, 234, 235, 236, 238, 239, 240, 242, 245, 247], "excluded_lines": [257, 258], "functions": {"cli": {"executed_lines": [], "summary": {"covered_lines": 0, "num_statements": 1, "percent_covered": 0.0, "percent_covered_display": "0.00", "missing_lines": 1, "excluded_lines": 0, "percent_statements_covered": 0.0, "percent_statements_covered_display": "0.00"}, "missing_lines": [27], "excluded_lines": []}, "chat": {"executed_lines": [], "summary": {"covered_lines": 0, "num_statements": 1, "percent_covered": 0.0, "percent_covered_display": "0.00", "missing_lines": 1, "excluded_lines": 0, "percent_statements_covered": 0.0, "percent_statements_covered_display": "0.00"}, "missing_lines": [45], "excluded_lines": []}, "run": {"executed_lines": [], "summary": {"covered_lines": 0, "num_statements": 1, "percent_covered": 0.0, "percent_covered_display": "0.00", "missing_lines": 1, "excluded_lines": 0, "percent_statements_covered": 0.0, "percent_statements_covered_display": "0.00"}, "missing_lines": [60], "excluded_lines": []}, "init": {"executed_lines": [], "summary": {"covered_lines": 0, "num_statements": 3, "percent_covered": 0.0, "percent_covered_display": "0.00", "missing_lines": 3, "excluded_lines": 0, "percent_statements_covered": 0.0, "percent_statements_covered_display": "0.00"}, "missing_lines": [66, 67, 68], "excluded_lines": []}, "config": {"executed_lines": [], "summary": {"covered_lines": 0, "num_statements": 2, "percent_covered": 0.0, "percent_covered_display": "0.00", "missing_lines": 2, "excluded_lines": 0, "percent_statements_covered": 0.0, "percent_statements_covered_display": "0.00"}, "missing_lines": [74, 75], "excluded_lines": []}, "model": {"executed_lines": [], "summary": {"covered_lines": 0, "num_statements": 9, "percent_covered": 0.0, "percent_covered_display": "0.00", "missing_lines": 9, "excluded_lines": 0, "percent_statements_covered": 0.0, "percent_statements_covered_display": "0.00"}, "missing_lines": [88, 90, 91, 92, 93, 96, 97, 98, 100], "excluded_lines": []}, "sessions": {"executed_lines": [], "summary": {"covered_lines": 0, "num_statements": 1, "percent_covered": 0.0, "percent_covered_display": "0.00", "missing_lines": 1, "excluded_lines": 0, "percent_statements_covered": 0.0, "percent_statements_covered_display": "0.00"}, "missing_lines": [106], "excluded_lines": []}, "resume": {"executed_lines": [], "summary": {"covered_lines": 0, "num_statements": 1, "percent_covered": 0.0, "percent_covered_display": "0.00", "missing_lines": 1, "excluded_lines": 0, "percent_statements_covered": 0.0, "percent_statements_covered_display": "0.00"}, "missing_lines": [114], "excluded_lines": []}, "_chat_async": {"executed_lines": [], "summary": {"covered_lines": 0, "num_statements": 4, "percent_covered": 0.0, "percent_covered_display": "0.00", "missing_lines": 4, "excluded_lines": 0, "percent_statements_covered": 0.0, "percent_statements_covered_display": "0.00"}, "missing_lines": [119, 121, 122, 124], "excluded_lines": []}, "_run_async": {"executed_lines": [], "summary": {"covered_lines": 0, "num_statements": 38, "percent_covered": 0.0, "percent_covered_display": "0.00", "missing_lines": 38, "excluded_lines": 0, "percent_statements_covered": 0.0, "percent_statements_covered_display": "0.00"}, "missing_lines": [129, 130, 131, 132, 133, 134, 135, 137, 138, 141, 142, 145, 147, 149, 150, 151, 153, 154, 157, 158, 159, 160, 161, 162, 163, 164, 165, 167, 168, 170, 171, 174, 175, 177, 178, 187, 190, 191], "excluded_lines": []}, "_list_sessions": {"executed_lines": [], "summary": {"covered_lines": 0, "num_statements": 17, "percent_covered": 0.0, "percent_covered_display": "0.00", "missing_lines": 17, "excluded_lines": 0, "percent_statements_covered": 0.0, "percent_statements_covered_display": "0.00"}, "missing_lines": [196, 197, 199, 200, 202, 204, 205, 206, 208, 209, 210, 211, 212, 214, 215, 222, 223], "excluded_lines": []}, "_resume_async": {"executed_lines": [], "summary": {"covered_lines": 0, "num_statements": 12, "percent_covered": 0.0, "percent_covered_display": "0.00", "missing_lines": 12, "excluded_lines": 0, "percent_statements_covered": 0.0, "percent_statements_covered_display": "0.00"}, "missing_lines": [228, 230, 231, 234, 235, 236, 238, 239, 240, 242, 245, 247], "excluded_lines": []}, "": {"executed_lines": [], "summary": {"covered_lines": 0, "num_statements": 43, "percent_covered": 0.0, "percent_covered_display": "0.00", "missing_lines": 43, "excluded_lines": 2, "percent_statements_covered": 0.0, "percent_statements_covered_display": "0.00"}, "missing_lines": [3, 6, 7, 9, 10, 11, 13, 14, 15, 18, 20, 23, 24, 25, 30, 31, 32, 33, 39, 40, 48, 49, 50, 51, 52, 58, 63, 64, 71, 72, 84, 85, 86, 103, 104, 109, 110, 111, 112, 117, 127, 194, 226], "excluded_lines": [257, 258]}}, "classes": {"": {"executed_lines": [], "summary": {"covered_lines": 0, "num_statements": 133, "percent_covered": 0.0, "percent_covered_display": "0.00", "missing_lines": 133, "excluded_lines": 2, "percent_statements_covered": 0.0, "percent_statements_covered_display": "0.00"}, "missing_lines": [3, 6, 7, 9, 10, 11, 13, 14, 15, 18, 20, 23, 24, 25, 27, 30, 31, 32, 33, 39, 40, 45, 48, 49, 50, 51, 52, 58, 60, 63, 64, 66, 67, 68, 71, 72, 74, 75, 84, 85, 86, 88, 90, 91, 92, 93, 96, 97, 98, 100, 103, 104, 106, 109, 110, 111, 112, 114, 117, 119, 121, 122, 124, 127, 129, 130, 131, 132, 133, 134, 135, 137, 138, 141, 142, 145, 147, 149, 150, 151, 153, 154, 157, 158, 159, 160, 161, 162, 163, 164, 165, 167, 168, 170, 171, 174, 175, 177, 178, 187, 190, 191, 194, 196, 197, 199, 200, 202, 204, 205, 206, 208, 209, 210, 211, 212, 214, 215, 222, 223, 226, 228, 230, 231, 234, 235, 236, 238, 239, 240, 242, 245, 247], "excluded_lines": [257, 258]}}}, "src/capybara/core/__init__.py": {"executed_lines": [1], "summary": {"covered_lines": 0, "num_statements": 0, "percent_covered": 100.0, "percent_covered_display": "100.00", "missing_lines": 0, "excluded_lines": 0, "percent_statements_covered": 100.0, "percent_statements_covered_display": "100.00"}, "missing_lines": [], "excluded_lines": [], "functions": {"": {"executed_lines": [1], "summary": {"covered_lines": 0, "num_statements": 0, "percent_covered": 100.0, "percent_covered_display": "100.00", "missing_lines": 0, "excluded_lines": 0, "percent_statements_covered": 100.0, "percent_statements_covered_display": "100.00"}, "missing_lines": [], "excluded_lines": []}}, "classes": {"": {"executed_lines": [1], "summary": {"covered_lines": 0, "num_statements": 0, "percent_covered": 100.0, "percent_covered_display": "100.00", "missing_lines": 0, "excluded_lines": 0, "percent_statements_covered": 100.0, "percent_statements_covered_display": "100.00"}, "missing_lines": [], "excluded_lines": []}}}, "src/capybara/core/agent.py": {"executed_lines": [1, 3, 4, 5, 6, 7, 9, 10, 11, 12, 13, 14, 16, 17, 18, 19, 20, 21, 22, 23, 24, 25, 26, 27, 29, 32, 33, 34, 36, 37, 38, 39, 40, 43, 44, 46, 56, 57, 59, 60, 61, 62, 63, 64, 67, 68, 69, 72, 79, 80, 81, 83, 171, 195, 458, 483, 517, 531, 533, 534, 537, 538, 546, 547], "summary": {"covered_lines": 61, "num_statements": 258, "percent_covered": 23.643410852713178, "percent_covered_display": "23.64", "missing_lines": 197, "excluded_lines": 0, "percent_statements_covered": 23.643410852713178, "percent_statements_covered_display": "23.64"}, "missing_lines": [92, 93, 96, 99, 100, 106, 108, 109, 110, 113, 115, 116, 119, 120, 122, 123, 124, 125, 128, 131, 132, 138, 141, 143, 144, 145, 147, 150, 153, 154, 160, 161, 163, 164, 169, 173, 174, 176, 177, 186, 197, 200, 202, 204, 207, 208, 209, 210, 213, 214, 215, 216, 217, 218, 223, 224, 226, 227, 228, 229, 230, 231, 232, 233, 235, 236, 243, 246, 248, 249, 250, 251, 252, 254, 255, 256, 257, 258, 259, 260, 261, 262, 264, 266, 274, 277, 278, 279, 280, 282, 284, 285, 286, 289, 290, 297, 299, 301, 302, 303, 304, 305, 308, 309, 316, 323, 324, 325, 328, 329, 336, 343, 344, 347, 348, 349, 350, 351, 352, 353, 354, 356, 359, 361, 362, 363, 365, 366, 367, 368, 371, 372, 379, 380, 381, 384, 385, 388, 389, 397, 398, 401, 402, 403, 405, 407, 414, 423, 424, 425, 426, 427, 435, 441, 443, 444, 445, 446, 448, 456, 461, 462, 464, 466, 476, 477, 478, 479, 480, 481, 486, 489, 490, 492, 494, 495, 497, 498, 500, 502, 503, 504, 505, 508, 509, 510, 513, 515, 519, 520, 521, 524, 525, 526, 527, 528, 529], "excluded_lines": [], "functions": {"Agent.__init__": {"executed_lines": [56, 57, 59, 60, 61, 62, 63, 64, 67, 68, 69, 72, 79, 80, 81], "summary": {"covered_lines": 15, "num_statements": 15, "percent_covered": 100.0, "percent_covered_display": "100.00", "missing_lines": 0, "excluded_lines": 0, "percent_statements_covered": 100.0, "percent_statements_covered_display": "100.00"}, "missing_lines": [], "excluded_lines": []}, "Agent.run": {"executed_lines": [], "summary": {"covered_lines": 0, "num_statements": 35, "percent_covered": 0.0, "percent_covered_display": "0.00", "missing_lines": 35, "excluded_lines": 0, "percent_statements_covered": 0.0, "percent_statements_covered_display": "0.00"}, "missing_lines": [92, 93, 96, 99, 100, 106, 108, 109, 110, 113, 115, 116, 119, 120, 122, 123, 124, 125, 128, 131, 132, 138, 141, 143, 144, 145, 147, 150, 153, 154, 160, 161, 163, 164, 169], "excluded_lines": []}, "Agent._get_completion": {"executed_lines": [], "summary": {"covered_lines": 0, "num_statements": 5, "percent_covered": 0.0, "percent_covered_display": "0.00", "missing_lines": 5, "excluded_lines": 0, "percent_statements_covered": 0.0, "percent_statements_covered_display": "0.00"}, "missing_lines": [173, 174, 176, 177, 186], "excluded_lines": []}, "Agent._execute_tools": {"executed_lines": [], "summary": {"covered_lines": 0, "num_statements": 14, "percent_covered": 0.0, "percent_covered_display": "0.00", "missing_lines": 14, "excluded_lines": 0, "percent_statements_covered": 0.0, "percent_statements_covered_display": "0.00"}, "missing_lines": [197, 200, 202, 284, 414, 423, 435, 441, 443, 444, 445, 446, 448, 456], "excluded_lines": []}, "Agent._execute_tools.render_status": {"executed_lines": [], "summary": {"covered_lines": 0, "num_statements": 47, "percent_covered": 0.0, "percent_covered_display": "0.00", "missing_lines": 47, "excluded_lines": 0, "percent_statements_covered": 0.0, "percent_statements_covered_display": "0.00"}, "missing_lines": [204, 207, 208, 209, 210, 213, 214, 215, 216, 217, 218, 223, 224, 226, 227, 228, 229, 230, 231, 232, 233, 235, 236, 243, 246, 248, 249, 250, 251, 252, 254, 255, 256, 257, 258, 259, 260, 261, 262, 264, 266, 274, 277, 278, 279, 280, 282], "excluded_lines": []}, "Agent._execute_tools.execute_one": {"executed_lines": [], "summary": {"covered_lines": 0, "num_statements": 55, "percent_covered": 0.0, "percent_covered_display": "0.00", "missing_lines": 55, "excluded_lines": 0, "percent_statements_covered": 0.0, "percent_statements_covered_display": "0.00"}, "missing_lines": [285, 286, 289, 290, 297, 299, 301, 302, 303, 304, 305, 308, 309, 316, 323, 324, 325, 328, 329, 336, 343, 344, 347, 348, 349, 350, 351, 352, 353, 354, 356, 359, 361, 362, 363, 365, 366, 367, 368, 371, 372, 379, 380, 381, 384, 385, 388, 389, 397, 398, 401, 402, 403, 405, 407], "excluded_lines": []}, "Agent._execute_tools.update_loop": {"executed_lines": [], "summary": {"covered_lines": 0, "num_statements": 4, "percent_covered": 0.0, "percent_covered_display": "0.00", "missing_lines": 4, "excluded_lines": 0, "percent_statements_covered": 0.0, "percent_statements_covered_display": "0.00"}, "missing_lines": [424, 425, 426, 427], "excluded_lines": []}, "Agent._record_tool_execution": {"executed_lines": [], "summary": {"covered_lines": 0, "num_statements": 10, "percent_covered": 0.0, "percent_covered_display": "0.00", "missing_lines": 10, "excluded_lines": 0, "percent_statements_covered": 0.0, "percent_statements_covered_display": "0.00"}, "missing_lines": [461, 462, 464, 466, 476, 477, 478, 479, 480, 481], "excluded_lines": []}, "Agent._check_permission": {"executed_lines": [], "summary": {"covered_lines": 0, "num_statements": 18, "percent_covered": 0.0, "percent_covered_display": "0.00", "missing_lines": 18, "excluded_lines": 0, "percent_statements_covered": 0.0, "percent_statements_covered_display": "0.00"}, "missing_lines": [486, 489, 490, 492, 494, 495, 497, 498, 500, 502, 503, 504, 505, 508, 509, 510, 513, 515], "excluded_lines": []}, "Agent._ask_user_permission": {"executed_lines": [], "summary": {"covered_lines": 0, "num_statements": 9, "percent_covered": 0.0, "percent_covered_display": "0.00", "missing_lines": 9, "excluded_lines": 0, "percent_statements_covered": 0.0, "percent_statements_covered_display": "0.00"}, "missing_lines": [519, 520, 521, 524, 525, 526, 527, 528, 529], "excluded_lines": []}, "Agent._update_state": {"executed_lines": [533, 534, 537, 538, 546, 547], "summary": {"covered_lines": 6, "num_statements": 6, "percent_covered": 100.0, "percent_covered_display": "100.00", "missing_lines": 0, "excluded_lines": 0, "percent_statements_covered": 100.0, "percent_statements_covered_display": "100.00"}, "missing_lines": [], "excluded_lines": []}, "": {"executed_lines": [1, 3, 4, 5, 6, 7, 9, 10, 11, 12, 13, 14, 16, 17, 18, 19, 20, 21, 22, 23, 24, 25, 26, 27, 29, 32, 33, 34, 36, 37, 38, 39, 40, 43, 44, 46, 83, 171, 195, 458, 483, 517, 531], "summary": {"covered_lines": 40, "num_statements": 40, "percent_covered": 100.0, "percent_covered_display": "100.00", "missing_lines": 0, "excluded_lines": 0, "percent_statements_covered": 100.0, "percent_statements_covered_display": "100.00"}, "missing_lines": [], "excluded_lines": []}}, "classes": {"AgentConfig": {"executed_lines": [], "summary": {"covered_lines": 0, "num_statements": 0, "percent_covered": 100.0, "percent_covered_display": "100.00", "missing_lines": 0, "excluded_lines": 0, "percent_statements_covered": 100.0, "percent_statements_covered_display": "100.00"}, "missing_lines": [], "excluded_lines": []}, "Agent": {"executed_lines": [56, 57, 59, 60, 61, 62, 63, 64, 67, 68, 69, 72, 79, 80, 81, 533, 534, 537, 538, 546, 547], "summary": {"covered_lines": 21, "num_statements": 218, "percent_covered": 9.63302752293578, "percent_covered_display": "9.63", "missing_lines": 197, "excluded_lines": 0, "percent_statements_covered": 9.63302752293578, "percent_statements_covered_display": "9.63"}, "missing_lines": [92, 93, 96, 99, 100, 106, 108, 109, 110, 113, 115, 116, 119, 120, 122, 123, 124, 125, 128, 131, 132, 138, 141, 143, 144, 145, 147, 150, 153, 154, 160, 161, 163, 164, 169, 173, 174, 176, 177, 186, 197, 200, 202, 204, 207, 208, 209, 210, 213, 214, 215, 216, 217, 218, 223, 224, 226, 227, 228, 229, 230, 231, 232, 233, 235, 236, 243, 246, 248, 249, 250, 251, 252, 254, 255, 256, 257, 258, 259, 260, 261, 262, 264, 266, 274, 277, 278, 279, 280, 282, 284, 285, 286, 289, 290, 297, 299, 301, 302, 303, 304, 305, 308, 309, 316, 323, 324, 325, 328, 329, 336, 343, 344, 347, 348, 349, 350, 351, 352, 353, 354, 356, 359, 361, 362, 363, 365, 366, 367, 368, 371, 372, 379, 380, 381, 384, 385, 388, 389, 397, 398, 401, 402, 403, 405, 407, 414, 423, 424, 425, 426, 427, 435, 441, 443, 444, 445, 446, 448, 456, 461, 462, 464, 466, 476, 477, 478, 479, 480, 481, 486, 489, 490, 492, 494, 495, 497, 498, 500, 502, 503, 504, 505, 508, 509, 510, 513, 515, 519, 520, 521, 524, 525, 526, 527, 528, 529], "excluded_lines": []}, "": {"executed_lines": [1, 3, 4, 5, 6, 7, 9, 10, 11, 12, 13, 14, 16, 17, 18, 19, 20, 21, 22, 23, 24, 25, 26, 27, 29, 32, 33, 34, 36, 37, 38, 39, 40, 43, 44, 46, 83, 171, 195, 458, 483, 517, 531], "summary": {"covered_lines": 40, "num_statements": 40, "percent_covered": 100.0, "percent_covered_display": "100.00", "missing_lines": 0, "excluded_lines": 0, "percent_statements_covered": 100.0, "percent_statements_covered_display": "100.00"}, "missing_lines": [], "excluded_lines": []}}}, "src/capybara/core/agent_status.py": {"executed_lines": [1, 3, 4, 5, 8, 9, 10, 11, 12, 13, 14, 15, 18, 19, 20, 21, 22, 23, 24, 25, 26], "summary": {"covered_lines": 18, "num_statements": 18, "percent_covered": 100.0, "percent_covered_display": "100.00", "missing_lines": 0, "excluded_lines": 0, "percent_statements_covered": 100.0, "percent_statements_covered_display": "100.00"}, "missing_lines": [], "excluded_lines": [], "functions": {"": {"executed_lines": [1, 3, 4, 5, 8, 9, 10, 11, 12, 13, 14, 15, 18, 19, 20, 21, 22, 23, 24, 25, 26], "summary": {"covered_lines": 18, "num_statements": 18, "percent_covered": 100.0, "percent_covered_display": "100.00", "missing_lines": 0, "excluded_lines": 0, "percent_statements_covered": 100.0, "percent_statements_covered_display": "100.00"}, "missing_lines": [], "excluded_lines": []}}, "classes": {"AgentState": {"executed_lines": [], "summary": {"covered_lines": 0, "num_statements": 0, "percent_covered": 100.0, "percent_covered_display": "100.00", "missing_lines": 0, "excluded_lines": 0, "percent_statements_covered": 100.0, "percent_statements_covered_display": "100.00"}, "missing_lines": [], "excluded_lines": []}, "AgentStatus": {"executed_lines": [], "summary": {"covered_lines": 0, "num_statements": 0, "percent_covered": 100.0, "percent_covered_display": "100.00", "missing_lines": 0, "excluded_lines": 0, "percent_statements_covered": 100.0, "percent_statements_covered_display": "100.00"}, "missing_lines": [], "excluded_lines": []}, "": {"executed_lines": [1, 3, 4, 5, 8, 9, 10, 11, 12, 13, 14, 15, 18, 19, 20, 21, 22, 23, 24, 25, 26], "summary": {"covered_lines": 18, "num_statements": 18, "percent_covered": 100.0, "percent_covered_display": "100.00", "missing_lines": 0, "excluded_lines": 0, "percent_statements_covered": 100.0, "percent_statements_covered_display": "100.00"}, "missing_lines": [], "excluded_lines": []}}}, "src/capybara/core/child_errors.py": {"executed_lines": [1, 3, 4, 5, 8, 9, 10, 11, 12, 13, 14, 17, 18, 19, 20, 21, 22, 23, 26, 27, 30, 31, 32, 35, 36, 38, 40, 41, 43, 45], "summary": {"covered_lines": 27, "num_statements": 27, "percent_covered": 100.0, "percent_covered_display": "100.00", "missing_lines": 0, "excluded_lines": 0, "percent_statements_covered": 100.0, "percent_statements_covered_display": "100.00"}, "missing_lines": [], "excluded_lines": [], "functions": {"ChildFailure.to_context_string": {"executed_lines": [40, 41, 43, 45], "summary": {"covered_lines": 4, "num_statements": 4, "percent_covered": 100.0, "percent_covered_display": "100.00", "missing_lines": 0, "excluded_lines": 0, "percent_statements_covered": 100.0, "percent_statements_covered_display": "100.00"}, "missing_lines": [], "excluded_lines": []}, "": {"executed_lines": [1, 3, 4, 5, 8, 9, 10, 11, 12, 13, 14, 17, 18, 19, 20, 21, 22, 23, 26, 27, 30, 31, 32, 35, 36, 38], "summary": {"covered_lines": 23, "num_statements": 23, "percent_covered": 100.0, "percent_covered_display": "100.00", "missing_lines": 0, "excluded_lines": 0, "percent_statements_covered": 100.0, "percent_statements_covered_display": "100.00"}, "missing_lines": [], "excluded_lines": []}}, "classes": {"FailureCategory": {"executed_lines": [], "summary": {"covered_lines": 0, "num_statements": 0, "percent_covered": 100.0, "percent_covered_display": "100.00", "missing_lines": 0, "excluded_lines": 0, "percent_statements_covered": 100.0, "percent_statements_covered_display": "100.00"}, "missing_lines": [], "excluded_lines": []}, "ChildFailure": {"executed_lines": [40, 41, 43, 45], "summary": {"covered_lines": 4, "num_statements": 4, "percent_covered": 100.0, "percent_covered_display": "100.00", "missing_lines": 0, "excluded_lines": 0, "percent_statements_covered": 100.0, "percent_statements_covered_display": "100.00"}, "missing_lines": [], "excluded_lines": []}, "": {"executed_lines": [1, 3, 4, 5, 8, 9, 10, 11, 12, 13, 14, 17, 18, 19, 20, 21, 22, 23, 26, 27, 30, 31, 32, 35, 36, 38], "summary": {"covered_lines": 23, "num_statements": 23, "percent_covered": 100.0, "percent_covered_display": "100.00", "missing_lines": 0, "excluded_lines": 0, "percent_statements_covered": 100.0, "percent_statements_covered_display": "100.00"}, "missing_lines": [], "excluded_lines": []}}}, "src/capybara/core/config.py": {"executed_lines": [1, 2, 4, 5, 6, 8, 10, 11, 13, 14, 15, 16, 17, 20, 23, 24, 26, 27, 28, 29, 30, 31, 32, 35, 36, 38, 39, 40, 45, 46, 48, 49, 50, 53, 54, 56, 57, 60, 61, 63, 70, 71, 72, 73, 75, 76, 83, 88, 98, 108], "summary": {"covered_lines": 44, "num_statements": 67, "percent_covered": 65.67164179104478, "percent_covered_display": "65.67", "missing_lines": 23, "excluded_lines": 0, "percent_statements_covered": 65.67164179104478, "percent_statements_covered_display": "65.67"}, "missing_lines": [78, 79, 80, 85, 90, 91, 92, 93, 94, 95, 100, 101, 103, 104, 105, 110, 111, 113, 114, 115, 118, 119, 121], "excluded_lines": [], "functions": {"CapybaraConfig.default_model": {"executed_lines": [], "summary": {"covered_lines": 0, "num_statements": 3, "percent_covered": 0.0, "percent_covered_display": "0.00", "missing_lines": 3, "excluded_lines": 0, "percent_statements_covered": 0.0, "percent_statements_covered_display": "0.00"}, "missing_lines": [78, 79, 80], "excluded_lines": []}, "get_config_path": {"executed_lines": [], "summary": {"covered_lines": 0, "num_statements": 1, "percent_covered": 0.0, "percent_covered_display": "0.00", "missing_lines": 1, "excluded_lines": 0, "percent_statements_covered": 0.0, "percent_statements_covered_display": "0.00"}, "missing_lines": [85], "excluded_lines": []}, "load_config": {"executed_lines": [], "summary": {"covered_lines": 0, "num_statements": 6, "percent_covered": 0.0, "percent_covered_display": "0.00", "missing_lines": 6, "excluded_lines": 0, "percent_statements_covered": 0.0, "percent_statements_covered_display": "0.00"}, "missing_lines": [90, 91, 92, 93, 94, 95], "excluded_lines": []}, "save_config": {"executed_lines": [], "summary": {"covered_lines": 0, "num_statements": 5, "percent_covered": 0.0, "percent_covered_display": "0.00", "missing_lines": 5, "excluded_lines": 0, "percent_statements_covered": 0.0, "percent_statements_covered_display": "0.00"}, "missing_lines": [100, 101, 103, 104, 105], "excluded_lines": []}, "init_config": {"executed_lines": [], "summary": {"covered_lines": 0, "num_statements": 8, "percent_covered": 0.0, "percent_covered_display": "0.00", "missing_lines": 8, "excluded_lines": 0, "percent_statements_covered": 0.0, "percent_statements_covered_display": "0.00"}, "missing_lines": [110, 111, 113, 114, 115, 118, 119, 121], "excluded_lines": []}, "": {"executed_lines": [1, 2, 4, 5, 6, 8, 10, 11, 13, 14, 15, 16, 17, 20, 23, 24, 26, 27, 28, 29, 30, 31, 32, 35, 36, 38, 39, 40, 45, 46, 48, 49, 50, 53, 54, 56, 57, 60, 61, 63, 70, 71, 72, 73, 75, 76, 83, 88, 98, 108], "summary": {"covered_lines": 44, "num_statements": 44, "percent_covered": 100.0, "percent_covered_display": "100.00", "missing_lines": 0, "excluded_lines": 0, "percent_statements_covered": 100.0, "percent_statements_covered_display": "100.00"}, "missing_lines": [], "excluded_lines": []}}, "classes": {"ToolsConfig": {"executed_lines": [], "summary": {"covered_lines": 0, "num_statements": 0, "percent_covered": 100.0, "percent_covered_display": "100.00", "missing_lines": 0, "excluded_lines": 0, "percent_statements_covered": 100.0, "percent_statements_covered_display": "100.00"}, "missing_lines": [], "excluded_lines": []}, "ProviderConfig": {"executed_lines": [], "summary": {"covered_lines": 0, "num_statements": 0, "percent_covered": 100.0, "percent_covered_display": "100.00", "missing_lines": 0, "excluded_lines": 0, "percent_statements_covered": 100.0, "percent_statements_covered_display": "100.00"}, "missing_lines": [], "excluded_lines": []}, "MemoryConfig": {"executed_lines": [], "summary": {"covered_lines": 0, "num_statements": 0, "percent_covered": 100.0, "percent_covered_display": "100.00", "missing_lines": 0, "excluded_lines": 0, "percent_statements_covered": 100.0, "percent_statements_covered_display": "100.00"}, "missing_lines": [], "excluded_lines": []}, "MCPServerConfig": {"executed_lines": [], "summary": {"covered_lines": 0, "num_statements": 0, "percent_covered": 100.0, "percent_covered_display": "100.00", "missing_lines": 0, "excluded_lines": 0, "percent_statements_covered": 100.0, "percent_statements_covered_display": "100.00"}, "missing_lines": [], "excluded_lines": []}, "MCPConfig": {"executed_lines": [], "summary": {"covered_lines": 0, "num_statements": 0, "percent_covered": 100.0, "percent_covered_display": "100.00", "missing_lines": 0, "excluded_lines": 0, "percent_statements_covered": 100.0, "percent_statements_covered_display": "100.00"}, "missing_lines": [], "excluded_lines": []}, "CapybaraConfig": {"executed_lines": [], "summary": {"covered_lines": 0, "num_statements": 3, "percent_covered": 0.0, "percent_covered_display": "0.00", "missing_lines": 3, "excluded_lines": 0, "percent_statements_covered": 0.0, "percent_statements_covered_display": "0.00"}, "missing_lines": [78, 79, 80], "excluded_lines": []}, "": {"executed_lines": [1, 2, 4, 5, 6, 8, 10, 11, 13, 14, 15, 16, 17, 20, 23, 24, 26, 27, 28, 29, 30, 31, 32, 35, 36, 38, 39, 40, 45, 46, 48, 49, 50, 53, 54, 56, 57, 60, 61, 63, 70, 71, 72, 73, 75, 76, 83, 88, 98, 108], "summary": {"covered_lines": 44, "num_statements": 64, "percent_covered": 68.75, "percent_covered_display": "68.75", "missing_lines": 20, "excluded_lines": 0, "percent_statements_covered": 68.75, "percent_statements_covered_display": "68.75"}, "missing_lines": [85, 90, 91, 92, 93, 94, 95, 100, 101, 103, 104, 105, 110, 111, 113, 114, 115, 118, 119, 121], "excluded_lines": []}}}, "src/capybara/core/context.py": {"executed_lines": [], "summary": {"covered_lines": 0, "num_statements": 96, "percent_covered": 0.0, "percent_covered_display": "0.00", "missing_lines": 96, "excluded_lines": 0, "percent_statements_covered": 0.0, "percent_statements_covered_display": "0.00"}, "missing_lines": [1, 2, 3, 4, 5, 6, 8, 10, 16, 21, 26, 28, 33, 36, 37, 39, 41, 43, 45, 46, 48, 49, 50, 51, 52, 53, 54, 56, 57, 58, 59, 60, 61, 63, 65, 67, 69, 70, 72, 73, 74, 75, 77, 91, 93, 99, 100, 102, 103, 105, 107, 108, 109, 110, 111, 112, 113, 115, 116, 117, 119, 120, 122, 124, 126, 127, 128, 129, 130, 131, 133, 134, 135, 136, 137, 139, 140, 141, 143, 145, 147, 150, 157, 158, 160, 161, 163, 170, 171, 172, 175, 176, 177, 178, 179, 180], "excluded_lines": [], "functions": {"get_os_info": {"executed_lines": [], "summary": {"covered_lines": 0, "num_statements": 6, "percent_covered": 0.0, "percent_covered_display": "0.00", "missing_lines": 6, "excluded_lines": 0, "percent_statements_covered": 0.0, "percent_statements_covered_display": "0.00"}, "missing_lines": [28, 33, 36, 37, 39, 41], "excluded_lines": []}, "_load_project_docs": {"executed_lines": [], "summary": {"covered_lines": 0, "num_statements": 16, "percent_covered": 0.0, "percent_covered_display": "0.00", "missing_lines": 16, "excluded_lines": 0, "percent_statements_covered": 0.0, "percent_statements_covered_display": "0.00"}, "missing_lines": [45, 46, 48, 49, 50, 51, 52, 53, 54, 56, 57, 58, 59, 60, 61, 63], "excluded_lines": []}, "build_project_context": {"executed_lines": [], "summary": {"covered_lines": 0, "num_statements": 8, "percent_covered": 0.0, "percent_covered_display": "0.00", "missing_lines": 8, "excluded_lines": 0, "percent_statements_covered": 0.0, "percent_statements_covered_display": "0.00"}, "missing_lines": [67, 69, 70, 72, 73, 74, 75, 77], "excluded_lines": []}, "_get_directory_structure": {"executed_lines": [], "summary": {"covered_lines": 0, "num_statements": 34, "percent_covered": 0.0, "percent_covered_display": "0.00", "missing_lines": 34, "excluded_lines": 0, "percent_statements_covered": 0.0, "percent_statements_covered_display": "0.00"}, "missing_lines": [93, 99, 100, 102, 103, 105, 107, 108, 109, 110, 111, 112, 113, 115, 116, 117, 119, 120, 122, 124, 126, 127, 128, 129, 130, 131, 133, 134, 135, 136, 137, 139, 140, 141], "excluded_lines": []}, "_get_git_status": {"executed_lines": [], "summary": {"covered_lines": 0, "num_statements": 17, "percent_covered": 0.0, "percent_covered_display": "0.00", "missing_lines": 17, "excluded_lines": 0, "percent_statements_covered": 0.0, "percent_statements_covered_display": "0.00"}, "missing_lines": [145, 147, 150, 157, 158, 160, 161, 163, 170, 171, 172, 175, 176, 177, 178, 179, 180], "excluded_lines": []}, "": {"executed_lines": [], "summary": {"covered_lines": 0, "num_statements": 15, "percent_covered": 0.0, "percent_covered_display": "0.00", "missing_lines": 15, "excluded_lines": 0, "percent_statements_covered": 0.0, "percent_statements_covered_display": "0.00"}, "missing_lines": [1, 2, 3, 4, 5, 6, 8, 10, 16, 21, 26, 43, 65, 91, 143], "excluded_lines": []}}, "classes": {"": {"executed_lines": [], "summary": {"covered_lines": 0, "num_statements": 96, "percent_covered": 0.0, "percent_covered_display": "0.00", "missing_lines": 96, "excluded_lines": 0, "percent_statements_covered": 0.0, "percent_statements_covered_display": "0.00"}, "missing_lines": [1, 2, 3, 4, 5, 6, 8, 10, 16, 21, 26, 28, 33, 36, 37, 39, 41, 43, 45, 46, 48, 49, 50, 51, 52, 53, 54, 56, 57, 58, 59, 60, 61, 63, 65, 67, 69, 70, 72, 73, 74, 75, 77, 91, 93, 99, 100, 102, 103, 105, 107, 108, 109, 110, 111, 112, 113, 115, 116, 117, 119, 120, 122, 124, 126, 127, 128, 129, 130, 131, 133, 134, 135, 136, 137, 139, 140, 141, 143, 145, 147, 150, 157, 158, 160, 161, 163, 170, 171, 172, 175, 176, 177, 178, 179, 180], "excluded_lines": []}}}, "src/capybara/core/event_bus.py": {"executed_lines": [1, 3, 4, 5, 6, 7, 9, 11, 14, 15, 16, 17, 18, 19, 20, 23, 24, 25, 26, 29, 30, 31, 32, 33, 34, 35, 36, 39, 40, 43, 44, 46, 48, 50, 51, 53, 55, 58, 59, 60, 63, 64, 67, 68, 69, 70, 74, 76, 79, 80, 81, 84, 85, 86, 88, 89, 90, 91, 94, 95, 98, 99, 100, 101, 103, 105, 107, 109, 110, 114, 117, 120, 121, 122], "summary": {"covered_lines": 70, "num_statements": 72, "percent_covered": 97.22222222222223, "percent_covered_display": "97.22", "missing_lines": 2, "excluded_lines": 0, "percent_statements_covered": 97.22222222222223, "percent_statements_covered_display": "97.22"}, "missing_lines": [71, 72], "excluded_lines": [], "functions": {"EventBus.__init__": {"executed_lines": [48, 50, 51], "summary": {"covered_lines": 3, "num_statements": 3, "percent_covered": 100.0, "percent_covered_display": "100.00", "missing_lines": 0, "excluded_lines": 0, "percent_statements_covered": 100.0, "percent_statements_covered_display": "100.00"}, "missing_lines": [], "excluded_lines": []}, "EventBus.publish": {"executed_lines": [55, 58, 59, 60, 63, 64, 67, 68, 69, 70], "summary": {"covered_lines": 10, "num_statements": 12, "percent_covered": 83.33333333333333, "percent_covered_display": "83.33", "missing_lines": 2, "excluded_lines": 0, "percent_statements_covered": 83.33333333333333, "percent_statements_covered_display": "83.33"}, "missing_lines": [71, 72], "excluded_lines": []}, "EventBus.subscribe": {"executed_lines": [76, 79, 80, 81, 84, 85, 86, 88, 89, 90, 91, 94, 95, 98, 99, 100, 101], "summary": {"covered_lines": 17, "num_statements": 17, "percent_covered": 100.0, "percent_covered_display": "100.00", "missing_lines": 0, "excluded_lines": 0, "percent_statements_covered": 100.0, "percent_statements_covered_display": "100.00"}, "missing_lines": [], "excluded_lines": []}, "EventBus.get_recent": {"executed_lines": [105], "summary": {"covered_lines": 1, "num_statements": 1, "percent_covered": 100.0, "percent_covered_display": "100.00", "missing_lines": 0, "excluded_lines": 0, "percent_statements_covered": 100.0, "percent_statements_covered_display": "100.00"}, "missing_lines": [], "excluded_lines": []}, "EventBus.cleanup_session": {"executed_lines": [109, 110], "summary": {"covered_lines": 2, "num_statements": 2, "percent_covered": 100.0, "percent_covered_display": "100.00", "missing_lines": 0, "excluded_lines": 0, "percent_statements_covered": 100.0, "percent_statements_covered_display": "100.00"}, "missing_lines": [], "excluded_lines": []}, "get_event_bus": {"executed_lines": [120, 121, 122], "summary": {"covered_lines": 3, "num_statements": 3, "percent_covered": 100.0, "percent_covered_display": "100.00", "missing_lines": 0, "excluded_lines": 0, "percent_statements_covered": 100.0, "percent_statements_covered_display": "100.00"}, "missing_lines": [], "excluded_lines": []}, "": {"executed_lines": [1, 3, 4, 5, 6, 7, 9, 11, 14, 15, 16, 17, 18, 19, 20, 23, 24, 25, 26, 29, 30, 31, 32, 33, 34, 35, 36, 39, 40, 43, 44, 46, 53, 74, 103, 107, 114, 117], "summary": {"covered_lines": 34, "num_statements": 34, "percent_covered": 100.0, "percent_covered_display": "100.00", "missing_lines": 0, "excluded_lines": 0, "percent_statements_covered": 100.0, "percent_statements_covered_display": "100.00"}, "missing_lines": [], "excluded_lines": []}}, "classes": {"EventType": {"executed_lines": [], "summary": {"covered_lines": 0, "num_statements": 0, "percent_covered": 100.0, "percent_covered_display": "100.00", "missing_lines": 0, "excluded_lines": 0, "percent_statements_covered": 100.0, "percent_statements_covered_display": "100.00"}, "missing_lines": [], "excluded_lines": []}, "Event": {"executed_lines": [], "summary": {"covered_lines": 0, "num_statements": 0, "percent_covered": 100.0, "percent_covered_display": "100.00", "missing_lines": 0, "excluded_lines": 0, "percent_statements_covered": 100.0, "percent_statements_covered_display": "100.00"}, "missing_lines": [], "excluded_lines": []}, "EventBus": {"executed_lines": [48, 50, 51, 55, 58, 59, 60, 63, 64, 67, 68, 69, 70, 76, 79, 80, 81, 84, 85, 86, 88, 89, 90, 91, 94, 95, 98, 99, 100, 101, 105, 109, 110], "summary": {"covered_lines": 33, "num_statements": 35, "percent_covered": 94.28571428571429, "percent_covered_display": "94.29", "missing_lines": 2, "excluded_lines": 0, "percent_statements_covered": 94.28571428571429, "percent_statements_covered_display": "94.29"}, "missing_lines": [71, 72], "excluded_lines": []}, "": {"executed_lines": [1, 3, 4, 5, 6, 7, 9, 11, 14, 15, 16, 17, 18, 19, 20, 23, 24, 25, 26, 29, 30, 31, 32, 33, 34, 35, 36, 39, 40, 43, 44, 46, 53, 74, 103, 107, 114, 117, 120, 121, 122], "summary": {"covered_lines": 37, "num_statements": 37, "percent_covered": 100.0, "percent_covered_display": "100.00", "missing_lines": 0, "excluded_lines": 0, "percent_statements_covered": 100.0, "percent_statements_covered_display": "100.00"}, "missing_lines": [], "excluded_lines": []}}}, "src/capybara/core/execution_log.py": {"executed_lines": [1, 3, 4, 5, 8, 9, 10, 11, 12, 13, 14, 15, 16, 19, 20, 21, 22, 23, 24, 27, 28, 29, 30, 31, 32, 33, 34, 36, 37, 39, 41, 42, 44, 46, 47, 49, 50, 51, 52], "summary": {"covered_lines": 35, "num_statements": 35, "percent_covered": 100.0, "percent_covered_display": "100.00", "missing_lines": 0, "excluded_lines": 0, "percent_statements_covered": 100.0, "percent_statements_covered_display": "100.00"}, "missing_lines": [], "excluded_lines": [], "functions": {"ExecutionLog.files_modified": {"executed_lines": [39], "summary": {"covered_lines": 1, "num_statements": 1, "percent_covered": 100.0, "percent_covered_display": "100.00", "missing_lines": 0, "excluded_lines": 0, "percent_statements_covered": 100.0, "percent_statements_covered_display": "100.00"}, "missing_lines": [], "excluded_lines": []}, "ExecutionLog.tool_usage_summary": {"executed_lines": [44], "summary": {"covered_lines": 1, "num_statements": 1, "percent_covered": 100.0, "percent_covered_display": "100.00", "missing_lines": 0, "excluded_lines": 0, "percent_statements_covered": 100.0, "percent_statements_covered_display": "100.00"}, "missing_lines": [], "excluded_lines": []}, "ExecutionLog.success_rate": {"executed_lines": [49, 50, 51, 52], "summary": {"covered_lines": 4, "num_statements": 4, "percent_covered": 100.0, "percent_covered_display": "100.00", "missing_lines": 0, "excluded_lines": 0, "percent_statements_covered": 100.0, "percent_statements_covered_display": "100.00"}, "missing_lines": [], "excluded_lines": []}, "": {"executed_lines": [1, 3, 4, 5, 8, 9, 10, 11, 12, 13, 14, 15, 16, 19, 20, 21, 22, 23, 24, 27, 28, 29, 30, 31, 32, 33, 34, 36, 37, 41, 42, 46, 47], "summary": {"covered_lines": 29, "num_statements": 29, "percent_covered": 100.0, "percent_covered_display": "100.00", "missing_lines": 0, "excluded_lines": 0, "percent_statements_covered": 100.0, "percent_statements_covered_display": "100.00"}, "missing_lines": [], "excluded_lines": []}}, "classes": {"ToolExecution": {"executed_lines": [], "summary": {"covered_lines": 0, "num_statements": 0, "percent_covered": 100.0, "percent_covered_display": "100.00", "missing_lines": 0, "excluded_lines": 0, "percent_statements_covered": 100.0, "percent_statements_covered_display": "100.00"}, "missing_lines": [], "excluded_lines": []}, "FileOperation": {"executed_lines": [], "summary": {"covered_lines": 0, "num_statements": 0, "percent_covered": 100.0, "percent_covered_display": "100.00", "missing_lines": 0, "excluded_lines": 0, "percent_statements_covered": 100.0, "percent_statements_covered_display": "100.00"}, "missing_lines": [], "excluded_lines": []}, "ExecutionLog": {"executed_lines": [39, 44, 49, 50, 51, 52], "summary": {"covered_lines": 6, "num_statements": 6, "percent_covered": 100.0, "percent_covered_display": "100.00", "missing_lines": 0, "excluded_lines": 0, "percent_statements_covered": 100.0, "percent_statements_covered_display": "100.00"}, "missing_lines": [], "excluded_lines": []}, "": {"executed_lines": [1, 3, 4, 5, 8, 9, 10, 11, 12, 13, 14, 15, 16, 19, 20, 21, 22, 23, 24, 27, 28, 29, 30, 31, 32, 33, 34, 36, 37, 41, 42, 46, 47], "summary": {"covered_lines": 29, "num_statements": 29, "percent_covered": 100.0, "percent_covered_display": "100.00", "missing_lines": 0, "excluded_lines": 0, "percent_statements_covered": 100.0, "percent_statements_covered_display": "100.00"}, "missing_lines": [], "excluded_lines": []}}}, "src/capybara/core/interrupts.py": {"executed_lines": [], "summary": {"covered_lines": 0, "num_statements": 4, "percent_covered": 0.0, "percent_covered_display": "0.00", "missing_lines": 4, "excluded_lines": 0, "percent_statements_covered": 0.0, "percent_statements_covered_display": "0.00"}, "missing_lines": [4, 11, 12, 13], "excluded_lines": [], "functions": {"AgentInterruptException.__init__": {"executed_lines": [], "summary": {"covered_lines": 0, "num_statements": 2, "percent_covered": 0.0, "percent_covered_display": "0.00", "missing_lines": 2, "excluded_lines": 0, "percent_statements_covered": 0.0, "percent_statements_covered_display": "0.00"}, "missing_lines": [12, 13], "excluded_lines": []}, "": {"executed_lines": [], "summary": {"covered_lines": 0, "num_statements": 2, "percent_covered": 0.0, "percent_covered_display": "0.00", "missing_lines": 2, "excluded_lines": 0, "percent_statements_covered": 0.0, "percent_statements_covered_display": "0.00"}, "missing_lines": [4, 11], "excluded_lines": []}}, "classes": {"AgentInterruptException": {"executed_lines": [], "summary": {"covered_lines": 0, "num_statements": 2, "percent_covered": 0.0, "percent_covered_display": "0.00", "missing_lines": 2, "excluded_lines": 0, "percent_statements_covered": 0.0, "percent_statements_covered_display": "0.00"}, "missing_lines": [12, 13], "excluded_lines": []}, "": {"executed_lines": [], "summary": {"covered_lines": 0, "num_statements": 2, "percent_covered": 0.0, "percent_covered_display": "0.00", "missing_lines": 2, "excluded_lines": 0, "percent_statements_covered": 0.0, "percent_statements_covered_display": "0.00"}, "missing_lines": [4, 11], "excluded_lines": []}}}, "src/capybara/core/litellm_config.py": {"executed_lines": [], "summary": {"covered_lines": 0, "num_statements": 21, "percent_covered": 0.0, "percent_covered_display": "0.00", "missing_lines": 21, "excluded_lines": 0, "percent_statements_covered": 0.0, "percent_statements_covered_display": "0.00"}, "missing_lines": [3, 4, 5, 8, 11, 12, 15, 18, 19, 22, 23, 26, 29, 32, 34, 35, 38, 39, 47, 48, 52], "excluded_lines": [], "functions": {"suppress_litellm_output": {"executed_lines": [], "summary": {"covered_lines": 0, "num_statements": 16, "percent_covered": 0.0, "percent_covered_display": "0.00", "missing_lines": 16, "excluded_lines": 0, "percent_statements_covered": 0.0, "percent_statements_covered_display": "0.00"}, "missing_lines": [11, 12, 15, 18, 19, 22, 23, 26, 29, 32, 34, 35, 38, 39, 47, 48], "excluded_lines": []}, "": {"executed_lines": [], "summary": {"covered_lines": 0, "num_statements": 5, "percent_covered": 0.0, "percent_covered_display": "0.00", "missing_lines": 5, "excluded_lines": 0, "percent_statements_covered": 0.0, "percent_statements_covered_display": "0.00"}, "missing_lines": [3, 4, 5, 8, 52], "excluded_lines": []}}, "classes": {"": {"executed_lines": [], "summary": {"covered_lines": 0, "num_statements": 21, "percent_covered": 0.0, "percent_covered_display": "0.00", "missing_lines": 21, "excluded_lines": 0, "percent_statements_covered": 0.0, "percent_statements_covered_display": "0.00"}, "missing_lines": [3, 4, 5, 8, 11, 12, 15, 18, 19, 22, 23, 26, 29, 32, 34, 35, 38, 39, 47, 48, 52], "excluded_lines": []}}}, "src/capybara/core/logging.py": {"executed_lines": [1, 3, 4, 5, 6, 7, 10, 68, 77], "summary": {"covered_lines": 8, "num_statements": 32, "percent_covered": 25.0, "percent_covered_display": "25.00", "missing_lines": 24, "excluded_lines": 0, "percent_statements_covered": 25.0, "percent_statements_covered_display": "25.00"}, "missing_lines": [26, 27, 30, 33, 34, 35, 38, 41, 42, 43, 47, 48, 51, 52, 53, 54, 55, 56, 59, 60, 61, 62, 64, 65], "excluded_lines": [], "functions": {"setup_logging": {"executed_lines": [], "summary": {"covered_lines": 0, "num_statements": 24, "percent_covered": 0.0, "percent_covered_display": "0.00", "missing_lines": 24, "excluded_lines": 0, "percent_statements_covered": 0.0, "percent_statements_covered_display": "0.00"}, "missing_lines": [26, 27, 30, 33, 34, 35, 38, 41, 42, 43, 47, 48, 51, 52, 53, 54, 55, 56, 59, 60, 61, 62, 64, 65], "excluded_lines": []}, "get_logger": {"executed_lines": [77], "summary": {"covered_lines": 1, "num_statements": 1, "percent_covered": 100.0, "percent_covered_display": "100.00", "missing_lines": 0, "excluded_lines": 0, "percent_statements_covered": 100.0, "percent_statements_covered_display": "100.00"}, "missing_lines": [], "excluded_lines": []}, "": {"executed_lines": [1, 3, 4, 5, 6, 7, 10, 68], "summary": {"covered_lines": 7, "num_statements": 7, "percent_covered": 100.0, "percent_covered_display": "100.00", "missing_lines": 0, "excluded_lines": 0, "percent_statements_covered": 100.0, "percent_statements_covered_display": "100.00"}, "missing_lines": [], "excluded_lines": []}}, "classes": {"": {"executed_lines": [1, 3, 4, 5, 6, 7, 10, 68, 77], "summary": {"covered_lines": 8, "num_statements": 32, "percent_covered": 25.0, "percent_covered_display": "25.00", "missing_lines": 24, "excluded_lines": 0, "percent_statements_covered": 25.0, "percent_statements_covered_display": "25.00"}, "missing_lines": [26, 27, 30, 33, 34, 35, 38, 41, 42, 43, 47, 48, 51, 52, 53, 54, 55, 56, 59, 60, 61, 62, 64, 65], "excluded_lines": []}}}, "src/capybara/core/prompts.py": {"executed_lines": [1, 3, 5, 188, 193, 197, 200, 203, 206, 290, 292, 294, 300], "summary": {"covered_lines": 12, "num_statements": 14, "percent_covered": 85.71428571428571, "percent_covered_display": "85.71", "missing_lines": 2, "excluded_lines": 0, "percent_statements_covered": 85.71428571428571, "percent_statements_covered_display": "85.71"}, "missing_lines": [198, 295], "excluded_lines": [], "functions": {"build_system_prompt": {"executed_lines": [193, 197, 200], "summary": {"covered_lines": 3, "num_statements": 4, "percent_covered": 75.0, "percent_covered_display": "75.00", "missing_lines": 1, "excluded_lines": 0, "percent_statements_covered": 75.0, "percent_statements_covered_display": "75.00"}, "missing_lines": [198], "excluded_lines": []}, "build_child_system_prompt": {"executed_lines": [292, 294, 300], "summary": {"covered_lines": 3, "num_statements": 4, "percent_covered": 75.0, "percent_covered_display": "75.00", "missing_lines": 1, "excluded_lines": 0, "percent_statements_covered": 75.0, "percent_statements_covered_display": "75.00"}, "missing_lines": [295], "excluded_lines": []}, "": {"executed_lines": [1, 3, 5, 188, 203, 206, 290], "summary": {"covered_lines": 6, "num_statements": 6, "percent_covered": 100.0, "percent_covered_display": "100.00", "missing_lines": 0, "excluded_lines": 0, "percent_statements_covered": 100.0, "percent_statements_covered_display": "100.00"}, "missing_lines": [], "excluded_lines": []}}, "classes": {"": {"executed_lines": [1, 3, 5, 188, 193, 197, 200, 203, 206, 290, 292, 294, 300], "summary": {"covered_lines": 12, "num_statements": 14, "percent_covered": 85.71428571428571, "percent_covered_display": "85.71", "missing_lines": 2, "excluded_lines": 0, "percent_statements_covered": 85.71428571428571, "percent_statements_covered_display": "85.71"}, "missing_lines": [198, 295], "excluded_lines": []}}}, "src/capybara/core/safety.py": {"executed_lines": [], "summary": {"covered_lines": 0, "num_statements": 17, "percent_covered": 0.0, "percent_covered_display": "0.00", "missing_lines": 17, "excluded_lines": 0, "percent_statements_covered": 0.0, "percent_statements_covered_display": "0.00"}, "missing_lines": [1, 3, 12, 14, 15, 18, 19, 22, 23, 25, 26, 27, 29, 31, 32, 34, 36], "excluded_lines": [], "functions": {"is_dangerous_directory": {"executed_lines": [], "summary": {"covered_lines": 0, "num_statements": 13, "percent_covered": 0.0, "percent_covered_display": "0.00", "missing_lines": 13, "excluded_lines": 0, "percent_statements_covered": 0.0, "percent_statements_covered_display": "0.00"}, "missing_lines": [14, 15, 18, 19, 22, 23, 25, 26, 27, 29, 31, 32, 34], "excluded_lines": []}, "": {"executed_lines": [], "summary": {"covered_lines": 0, "num_statements": 4, "percent_covered": 0.0, "percent_covered_display": "0.00", "missing_lines": 4, "excluded_lines": 0, "percent_statements_covered": 0.0, "percent_statements_covered_display": "0.00"}, "missing_lines": [1, 3, 12, 36], "excluded_lines": []}}, "classes": {"": {"executed_lines": [], "summary": {"covered_lines": 0, "num_statements": 17, "percent_covered": 0.0, "percent_covered_display": "0.00", "missing_lines": 17, "excluded_lines": 0, "percent_statements_covered": 0.0, "percent_statements_covered_display": "0.00"}, "missing_lines": [1, 3, 12, 14, 15, 18, 19, 22, 23, 25, 26, 27, 29, 31, 32, 34, 36], "excluded_lines": []}}}, "src/capybara/core/session_manager.py": {"executed_lines": [1, 3, 4, 6, 9, 10, 12, 13, 15, 23, 24, 31, 33, 35, 37, 39, 40, 42, 44, 45, 47, 49, 50], "summary": {"covered_lines": 21, "num_statements": 21, "percent_covered": 100.0, "percent_covered_display": "100.00", "missing_lines": 0, "excluded_lines": 0, "percent_statements_covered": 100.0, "percent_statements_covered_display": "100.00"}, "missing_lines": [], "excluded_lines": [], "functions": {"SessionManager.__init__": {"executed_lines": [13], "summary": {"covered_lines": 1, "num_statements": 1, "percent_covered": 100.0, "percent_covered_display": "100.00", "missing_lines": 0, "excluded_lines": 0, "percent_statements_covered": 100.0, "percent_statements_covered_display": "100.00"}, "missing_lines": [], "excluded_lines": []}, "SessionManager.create_child_session": {"executed_lines": [23, 24, 31], "summary": {"covered_lines": 3, "num_statements": 3, "percent_covered": 100.0, "percent_covered_display": "100.00", "missing_lines": 0, "excluded_lines": 0, "percent_statements_covered": 100.0, "percent_statements_covered_display": "100.00"}, "missing_lines": [], "excluded_lines": []}, "SessionManager.get_hierarchy": {"executed_lines": [35], "summary": {"covered_lines": 1, "num_statements": 1, "percent_covered": 100.0, "percent_covered_display": "100.00", "missing_lines": 0, "excluded_lines": 0, "percent_statements_covered": 100.0, "percent_statements_covered_display": "100.00"}, "missing_lines": [], "excluded_lines": []}, "SessionManager.get_children": {"executed_lines": [39, 40], "summary": {"covered_lines": 2, "num_statements": 2, "percent_covered": 100.0, "percent_covered_display": "100.00", "missing_lines": 0, "excluded_lines": 0, "percent_statements_covered": 100.0, "percent_statements_covered_display": "100.00"}, "missing_lines": [], "excluded_lines": []}, "SessionManager.is_child_session": {"executed_lines": [44, 45], "summary": {"covered_lines": 2, "num_statements": 2, "percent_covered": 100.0, "percent_covered_display": "100.00", "missing_lines": 0, "excluded_lines": 0, "percent_statements_covered": 100.0, "percent_statements_covered_display": "100.00"}, "missing_lines": [], "excluded_lines": []}, "SessionManager.get_agent_mode": {"executed_lines": [49, 50], "summary": {"covered_lines": 2, "num_statements": 2, "percent_covered": 100.0, "percent_covered_display": "100.00", "missing_lines": 0, "excluded_lines": 0, "percent_statements_covered": 100.0, "percent_statements_covered_display": "100.00"}, "missing_lines": [], "excluded_lines": []}, "": {"executed_lines": [1, 3, 4, 6, 9, 10, 12, 15, 33, 37, 42, 47], "summary": {"covered_lines": 10, "num_statements": 10, "percent_covered": 100.0, "percent_covered_display": "100.00", "missing_lines": 0, "excluded_lines": 0, "percent_statements_covered": 100.0, "percent_statements_covered_display": "100.00"}, "missing_lines": [], "excluded_lines": []}}, "classes": {"SessionManager": {"executed_lines": [13, 23, 24, 31, 35, 39, 40, 44, 45, 49, 50], "summary": {"covered_lines": 11, "num_statements": 11, "percent_covered": 100.0, "percent_covered_display": "100.00", "missing_lines": 0, "excluded_lines": 0, "percent_statements_covered": 100.0, "percent_statements_covered_display": "100.00"}, "missing_lines": [], "excluded_lines": []}, "": {"executed_lines": [1, 3, 4, 6, 9, 10, 12, 15, 33, 37, 42, 47], "summary": {"covered_lines": 10, "num_statements": 10, "percent_covered": 100.0, "percent_covered_display": "100.00", "missing_lines": 0, "excluded_lines": 0, "percent_statements_covered": 100.0, "percent_statements_covered_display": "100.00"}, "missing_lines": [], "excluded_lines": []}}}, "src/capybara/core/streaming.py": {"executed_lines": [1, 3, 5, 6, 7, 8, 9, 11, 12, 14, 29, 108, 130, 143], "summary": {"covered_lines": 13, "num_statements": 67, "percent_covered": 19.402985074626866, "percent_covered_display": "19.40", "missing_lines": 54, "excluded_lines": 0, "percent_statements_covered": 19.402985074626866, "percent_statements_covered_display": "19.40"}, "missing_lines": [21, 25, 26, 50, 51, 53, 55, 56, 63, 64, 66, 69, 70, 72, 73, 74, 79, 82, 83, 86, 87, 88, 94, 100, 101, 102, 103, 105, 113, 114, 115, 116, 121, 122, 123, 124, 125, 126, 127, 135, 136, 137, 138, 139, 140, 164, 171, 172, 174, 175, 176, 178, 179, 191], "excluded_lines": [], "functions": {"_clean_content": {"executed_lines": [], "summary": {"covered_lines": 0, "num_statements": 3, "percent_covered": 0.0, "percent_covered_display": "0.00", "missing_lines": 3, "excluded_lines": 0, "percent_statements_covered": 0.0, "percent_statements_covered_display": "0.00"}, "missing_lines": [21, 25, 26], "excluded_lines": []}, "stream_completion": {"executed_lines": [], "summary": {"covered_lines": 0, "num_statements": 25, "percent_covered": 0.0, "percent_covered_display": "0.00", "missing_lines": 25, "excluded_lines": 0, "percent_statements_covered": 0.0, "percent_statements_covered_display": "0.00"}, "missing_lines": [50, 51, 53, 55, 56, 63, 64, 66, 69, 70, 72, 73, 74, 79, 82, 83, 86, 87, 88, 94, 100, 101, 102, 103, 105], "excluded_lines": []}, "_collect_tool_calls": {"executed_lines": [], "summary": {"covered_lines": 0, "num_statements": 11, "percent_covered": 0.0, "percent_covered_display": "0.00", "missing_lines": 11, "excluded_lines": 0, "percent_statements_covered": 0.0, "percent_statements_covered_display": "0.00"}, "missing_lines": [113, 114, 115, 116, 121, 122, 123, 124, 125, 126, 127], "excluded_lines": []}, "_build_message": {"executed_lines": [], "summary": {"covered_lines": 0, "num_statements": 6, "percent_covered": 0.0, "percent_covered_display": "0.00", "missing_lines": 6, "excluded_lines": 0, "percent_statements_covered": 0.0, "percent_statements_covered_display": "0.00"}, "missing_lines": [135, 136, 137, 138, 139, 140], "excluded_lines": []}, "non_streaming_completion": {"executed_lines": [], "summary": {"covered_lines": 0, "num_statements": 9, "percent_covered": 0.0, "percent_covered_display": "0.00", "missing_lines": 9, "excluded_lines": 0, "percent_statements_covered": 0.0, "percent_statements_covered_display": "0.00"}, "missing_lines": [164, 171, 172, 174, 175, 176, 178, 179, 191], "excluded_lines": []}, "": {"executed_lines": [1, 3, 5, 6, 7, 8, 9, 11, 12, 14, 29, 108, 130, 143], "summary": {"covered_lines": 13, "num_statements": 13, "percent_covered": 100.0, "percent_covered_display": "100.00", "missing_lines": 0, "excluded_lines": 0, "percent_statements_covered": 100.0, "percent_statements_covered_display": "100.00"}, "missing_lines": [], "excluded_lines": []}}, "classes": {"": {"executed_lines": [1, 3, 5, 6, 7, 8, 9, 11, 12, 14, 29, 108, 130, 143], "summary": {"covered_lines": 13, "num_statements": 67, "percent_covered": 19.402985074626866, "percent_covered_display": "19.40", "missing_lines": 54, "excluded_lines": 0, "percent_statements_covered": 19.402985074626866, "percent_statements_covered_display": "19.40"}, "missing_lines": [21, 25, 26, 50, 51, 53, 55, 56, 63, 64, 66, 69, 70, 72, 73, 74, 79, 82, 83, 86, 87, 88, 94, 100, 101, 102, 103, 105, 113, 114, 115, 116, 121, 122, 123, 124, 125, 126, 127, 135, 136, 137, 138, 139, 140, 164, 171, 172, 174, 175, 176, 178, 179, 191], "excluded_lines": []}}}, "src/capybara/memory/__init__.py": {"executed_lines": [1], "summary": {"covered_lines": 0, "num_statements": 0, "percent_covered": 100.0, "percent_covered_display": "100.00", "missing_lines": 0, "excluded_lines": 0, "percent_statements_covered": 100.0, "percent_statements_covered_display": "100.00"}, "missing_lines": [], "excluded_lines": [], "functions": {"": {"executed_lines": [1], "summary": {"covered_lines": 0, "num_statements": 0, "percent_covered": 100.0, "percent_covered_display": "100.00", "missing_lines": 0, "excluded_lines": 0, "percent_statements_covered": 100.0, "percent_statements_covered_display": "100.00"}, "missing_lines": [], "excluded_lines": []}}, "classes": {"": {"executed_lines": [1], "summary": {"covered_lines": 0, "num_statements": 0, "percent_covered": 100.0, "percent_covered_display": "100.00", "missing_lines": 0, "excluded_lines": 0, "percent_statements_covered": 100.0, "percent_statements_covered_display": "100.00"}, "missing_lines": [], "excluded_lines": []}}}, "src/capybara/memory/storage.py": {"executed_lines": [1, 3, 4, 5, 6, 8, 11, 12, 14, 15, 16, 17, 19, 21, 23, 25, 26, 28, 29, 40, 52, 63, 67, 71, 75, 76, 78, 87, 88, 90, 91, 95, 97, 103, 104, 106, 107, 109, 110, 123, 127, 129, 131, 133, 134, 135, 139, 141, 142, 143, 144, 145, 146, 147, 148, 150, 152, 154, 156, 158, 159, 160, 165, 167, 169, 171, 173, 174, 175, 176, 178, 180, 182, 183, 187, 189, 191, 193, 194, 195, 199, 201, 204, 206, 208, 210, 211, 212, 216, 218, 220, 228, 229, 230, 232, 233, 237, 239, 245, 247, 248, 249, 253, 255, 256, 257, 258, 259, 260, 262], "summary": {"covered_lines": 108, "num_statements": 110, "percent_covered": 98.18181818181819, "percent_covered_display": "98.18", "missing_lines": 2, "excluded_lines": 0, "percent_statements_covered": 98.18181818181819, "percent_statements_covered_display": "98.18"}, "missing_lines": [149, 202], "excluded_lines": [], "functions": {"ConversationStorage.__init__": {"executed_lines": [15, 16, 17], "summary": {"covered_lines": 3, "num_statements": 3, "percent_covered": 100.0, "percent_covered_display": "100.00", "missing_lines": 0, "excluded_lines": 0, "percent_statements_covered": 100.0, "percent_statements_covered_display": "100.00"}, "missing_lines": [], "excluded_lines": []}, "ConversationStorage.initialize": {"executed_lines": [21], "summary": {"covered_lines": 1, "num_statements": 1, "percent_covered": 100.0, "percent_covered_display": "100.00", "missing_lines": 0, "excluded_lines": 0, "percent_statements_covered": 100.0, "percent_statements_covered_display": "100.00"}, "missing_lines": [], "excluded_lines": []}, "ConversationStorage._init_db": {"executed_lines": [25, 26, 28, 29, 40, 52, 63, 67, 71, 75, 76], "summary": {"covered_lines": 11, "num_statements": 11, "percent_covered": 100.0, "percent_covered_display": "100.00", "missing_lines": 0, "excluded_lines": 0, "percent_statements_covered": 100.0, "percent_statements_covered_display": "100.00"}, "missing_lines": [], "excluded_lines": []}, "ConversationStorage.create_session": {"executed_lines": [87, 88, 90, 91, 95], "summary": {"covered_lines": 5, "num_statements": 5, "percent_covered": 100.0, "percent_covered_display": "100.00", "missing_lines": 0, "excluded_lines": 0, "percent_statements_covered": 100.0, "percent_statements_covered_display": "100.00"}, "missing_lines": [], "excluded_lines": []}, "ConversationStorage.save_message": {"executed_lines": [103, 104, 106, 107, 109, 110, 123, 127], "summary": {"covered_lines": 8, "num_statements": 8, "percent_covered": 100.0, "percent_covered_display": "100.00", "missing_lines": 0, "excluded_lines": 0, "percent_statements_covered": 100.0, "percent_statements_covered_display": "100.00"}, "missing_lines": [], "excluded_lines": []}, "ConversationStorage.load_session": {"executed_lines": [131, 133, 134, 135, 139, 141, 142, 143, 144, 145, 146, 147, 148, 150, 152], "summary": {"covered_lines": 15, "num_statements": 16, "percent_covered": 93.75, "percent_covered_display": "93.75", "missing_lines": 1, "excluded_lines": 0, "percent_statements_covered": 93.75, "percent_statements_covered_display": "93.75"}, "missing_lines": [149], "excluded_lines": []}, "ConversationStorage.list_sessions": {"executed_lines": [156, 158, 159, 160, 165, 167], "summary": {"covered_lines": 6, "num_statements": 6, "percent_covered": 100.0, "percent_covered_display": "100.00", "missing_lines": 0, "excluded_lines": 0, "percent_statements_covered": 100.0, "percent_statements_covered_display": "100.00"}, "missing_lines": [], "excluded_lines": []}, "ConversationStorage.delete_session": {"executed_lines": [171, 173, 174, 175, 176], "summary": {"covered_lines": 5, "num_statements": 5, "percent_covered": 100.0, "percent_covered_display": "100.00", "missing_lines": 0, "excluded_lines": 0, "percent_statements_covered": 100.0, "percent_statements_covered_display": "100.00"}, "missing_lines": [], "excluded_lines": []}, "ConversationStorage.update_session_title": {"executed_lines": [180, 182, 183, 187], "summary": {"covered_lines": 4, "num_statements": 4, "percent_covered": 100.0, "percent_covered_display": "100.00", "missing_lines": 0, "excluded_lines": 0, "percent_statements_covered": 100.0, "percent_statements_covered_display": "100.00"}, "missing_lines": [], "excluded_lines": []}, "ConversationStorage.get_session_hierarchy": {"executed_lines": [191, 193, 194, 195, 199, 201, 204], "summary": {"covered_lines": 7, "num_statements": 8, "percent_covered": 87.5, "percent_covered_display": "87.50", "missing_lines": 1, "excluded_lines": 0, "percent_statements_covered": 87.5, "percent_statements_covered_display": "87.50"}, "missing_lines": [202], "excluded_lines": []}, "ConversationStorage.get_child_sessions": {"executed_lines": [208, 210, 211, 212, 216, 218], "summary": {"covered_lines": 6, "num_statements": 6, "percent_covered": 100.0, "percent_covered_display": "100.00", "missing_lines": 0, "excluded_lines": 0, "percent_statements_covered": 100.0, "percent_statements_covered_display": "100.00"}, "missing_lines": [], "excluded_lines": []}, "ConversationStorage.log_session_event": {"executed_lines": [228, 229, 230, 232, 233, 237], "summary": {"covered_lines": 6, "num_statements": 6, "percent_covered": 100.0, "percent_covered_display": "100.00", "missing_lines": 0, "excluded_lines": 0, "percent_statements_covered": 100.0, "percent_statements_covered_display": "100.00"}, "missing_lines": [], "excluded_lines": []}, "ConversationStorage.get_session_events": {"executed_lines": [245, 247, 248, 249, 253, 255, 256, 257, 258, 259, 260, 262], "summary": {"covered_lines": 12, "num_statements": 12, "percent_covered": 100.0, "percent_covered_display": "100.00", "missing_lines": 0, "excluded_lines": 0, "percent_statements_covered": 100.0, "percent_statements_covered_display": "100.00"}, "missing_lines": [], "excluded_lines": []}, "": {"executed_lines": [1, 3, 4, 5, 6, 8, 11, 12, 14, 19, 23, 78, 97, 129, 154, 169, 178, 189, 206, 220, 239], "summary": {"covered_lines": 19, "num_statements": 19, "percent_covered": 100.0, "percent_covered_display": "100.00", "missing_lines": 0, "excluded_lines": 0, "percent_statements_covered": 100.0, "percent_statements_covered_display": "100.00"}, "missing_lines": [], "excluded_lines": []}}, "classes": {"ConversationStorage": {"executed_lines": [15, 16, 17, 21, 25, 26, 28, 29, 40, 52, 63, 67, 71, 75, 76, 87, 88, 90, 91, 95, 103, 104, 106, 107, 109, 110, 123, 127, 131, 133, 134, 135, 139, 141, 142, 143, 144, 145, 146, 147, 148, 150, 152, 156, 158, 159, 160, 165, 167, 171, 173, 174, 175, 176, 180, 182, 183, 187, 191, 193, 194, 195, 199, 201, 204, 208, 210, 211, 212, 216, 218, 228, 229, 230, 232, 233, 237, 245, 247, 248, 249, 253, 255, 256, 257, 258, 259, 260, 262], "summary": {"covered_lines": 89, "num_statements": 91, "percent_covered": 97.8021978021978, "percent_covered_display": "97.80", "missing_lines": 2, "excluded_lines": 0, "percent_statements_covered": 97.8021978021978, "percent_statements_covered_display": "97.80"}, "missing_lines": [149, 202], "excluded_lines": []}, "": {"executed_lines": [1, 3, 4, 5, 6, 8, 11, 12, 14, 19, 23, 78, 97, 129, 154, 169, 178, 189, 206, 220, 239], "summary": {"covered_lines": 19, "num_statements": 19, "percent_covered": 100.0, "percent_covered_display": "100.00", "missing_lines": 0, "excluded_lines": 0, "percent_statements_covered": 100.0, "percent_statements_covered_display": "100.00"}, "missing_lines": [], "excluded_lines": []}}}, "src/capybara/memory/window.py": {"executed_lines": [1, 3, 4, 6, 9, 10, 11, 13, 14, 15, 18, 19, 21, 22, 23, 24, 25, 27, 29, 30, 34, 36, 38, 40, 41, 43, 44, 46, 48, 49, 50, 53, 54, 55, 56, 57, 58, 59, 60, 62, 65, 66, 69, 70, 71, 73, 77, 79, 80, 81, 82, 83, 85, 87, 89, 91, 92, 94, 96, 97, 99], "summary": {"covered_lines": 58, "num_statements": 63, "percent_covered": 92.06349206349206, "percent_covered_display": "92.06", "missing_lines": 5, "excluded_lines": 0, "percent_statements_covered": 92.06349206349206, "percent_statements_covered_display": "92.06"}, "missing_lines": [31, 32, 74, 75, 93], "excluded_lines": [], "functions": {"ConversationMemory.__init__": {"executed_lines": [22, 23, 24, 25], "summary": {"covered_lines": 4, "num_statements": 4, "percent_covered": 100.0, "percent_covered_display": "100.00", "missing_lines": 0, "excluded_lines": 0, "percent_statements_covered": 100.0, "percent_statements_covered_display": "100.00"}, "missing_lines": [], "excluded_lines": []}, "ConversationMemory._get_encoder": {"executed_lines": [29, 30], "summary": {"covered_lines": 2, "num_statements": 4, "percent_covered": 50.0, "percent_covered_display": "50.00", "missing_lines": 2, "excluded_lines": 0, "percent_statements_covered": 50.0, "percent_statements_covered_display": "50.00"}, "missing_lines": [31, 32], "excluded_lines": []}, "ConversationMemory.set_system_prompt": {"executed_lines": [36], "summary": {"covered_lines": 1, "num_statements": 1, "percent_covered": 100.0, "percent_covered_display": "100.00", "missing_lines": 0, "excluded_lines": 0, "percent_statements_covered": 100.0, "percent_statements_covered_display": "100.00"}, "missing_lines": [], "excluded_lines": []}, "ConversationMemory.add": {"executed_lines": [40, 41, 43, 44], "summary": {"covered_lines": 4, "num_statements": 4, "percent_covered": 100.0, "percent_covered_display": "100.00", "missing_lines": 0, "excluded_lines": 0, "percent_statements_covered": 100.0, "percent_statements_covered_display": "100.00"}, "missing_lines": [], "excluded_lines": []}, "ConversationMemory._count_tokens": {"executed_lines": [48, 49, 50, 53, 54, 55, 56, 57, 58, 59, 60], "summary": {"covered_lines": 11, "num_statements": 11, "percent_covered": 100.0, "percent_covered_display": "100.00", "missing_lines": 0, "excluded_lines": 0, "percent_statements_covered": 100.0, "percent_statements_covered_display": "100.00"}, "missing_lines": [], "excluded_lines": []}, "ConversationMemory._trim": {"executed_lines": [65, 66, 69, 70, 71, 73], "summary": {"covered_lines": 6, "num_statements": 8, "percent_covered": 75.0, "percent_covered_display": "75.00", "missing_lines": 2, "excluded_lines": 0, "percent_statements_covered": 75.0, "percent_statements_covered_display": "75.00"}, "missing_lines": [74, 75], "excluded_lines": []}, "ConversationMemory.get_messages": {"executed_lines": [79, 80, 81, 82, 83], "summary": {"covered_lines": 5, "num_statements": 5, "percent_covered": 100.0, "percent_covered_display": "100.00", "missing_lines": 0, "excluded_lines": 0, "percent_statements_covered": 100.0, "percent_statements_covered_display": "100.00"}, "missing_lines": [], "excluded_lines": []}, "ConversationMemory.clear": {"executed_lines": [87], "summary": {"covered_lines": 1, "num_statements": 1, "percent_covered": 100.0, "percent_covered_display": "100.00", "missing_lines": 0, "excluded_lines": 0, "percent_statements_covered": 100.0, "percent_statements_covered_display": "100.00"}, "missing_lines": [], "excluded_lines": []}, "ConversationMemory.get_token_count": {"executed_lines": [91, 92, 94], "summary": {"covered_lines": 3, "num_statements": 4, "percent_covered": 75.0, "percent_covered_display": "75.00", "missing_lines": 1, "excluded_lines": 0, "percent_statements_covered": 75.0, "percent_statements_covered_display": "75.00"}, "missing_lines": [93], "excluded_lines": []}, "ConversationMemory.message_count": {"executed_lines": [99], "summary": {"covered_lines": 1, "num_statements": 1, "percent_covered": 100.0, "percent_covered_display": "100.00", "missing_lines": 0, "excluded_lines": 0, "percent_statements_covered": 100.0, "percent_statements_covered_display": "100.00"}, "missing_lines": [], "excluded_lines": []}, "": {"executed_lines": [1, 3, 4, 6, 9, 10, 11, 13, 14, 15, 18, 19, 21, 27, 34, 38, 46, 62, 77, 85, 89, 96, 97], "summary": {"covered_lines": 20, "num_statements": 20, "percent_covered": 100.0, "percent_covered_display": "100.00", "missing_lines": 0, "excluded_lines": 0, "percent_statements_covered": 100.0, "percent_statements_covered_display": "100.00"}, "missing_lines": [], "excluded_lines": []}}, "classes": {"MemoryConfig": {"executed_lines": [], "summary": {"covered_lines": 0, "num_statements": 0, "percent_covered": 100.0, "percent_covered_display": "100.00", "missing_lines": 0, "excluded_lines": 0, "percent_statements_covered": 100.0, "percent_statements_covered_display": "100.00"}, "missing_lines": [], "excluded_lines": []}, "ConversationMemory": {"executed_lines": [22, 23, 24, 25, 29, 30, 36, 40, 41, 43, 44, 48, 49, 50, 53, 54, 55, 56, 57, 58, 59, 60, 65, 66, 69, 70, 71, 73, 79, 80, 81, 82, 83, 87, 91, 92, 94, 99], "summary": {"covered_lines": 38, "num_statements": 43, "percent_covered": 88.37209302325581, "percent_covered_display": "88.37", "missing_lines": 5, "excluded_lines": 0, "percent_statements_covered": 88.37209302325581, "percent_statements_covered_display": "88.37"}, "missing_lines": [31, 32, 74, 75, 93], "excluded_lines": []}, "": {"executed_lines": [1, 3, 4, 6, 9, 10, 11, 13, 14, 15, 18, 19, 21, 27, 34, 38, 46, 62, 77, 85, 89, 96, 97], "summary": {"covered_lines": 20, "num_statements": 20, "percent_covered": 100.0, "percent_covered_display": "100.00", "missing_lines": 0, "excluded_lines": 0, "percent_statements_covered": 100.0, "percent_statements_covered_display": "100.00"}, "missing_lines": [], "excluded_lines": []}}}, "src/capybara/providers/__init__.py": {"executed_lines": [1], "summary": {"covered_lines": 0, "num_statements": 0, "percent_covered": 100.0, "percent_covered_display": "100.00", "missing_lines": 0, "excluded_lines": 0, "percent_statements_covered": 100.0, "percent_statements_covered_display": "100.00"}, "missing_lines": [], "excluded_lines": [], "functions": {"": {"executed_lines": [1], "summary": {"covered_lines": 0, "num_statements": 0, "percent_covered": 100.0, "percent_covered_display": "100.00", "missing_lines": 0, "excluded_lines": 0, "percent_statements_covered": 100.0, "percent_statements_covered_display": "100.00"}, "missing_lines": [], "excluded_lines": []}}, "classes": {"": {"executed_lines": [1], "summary": {"covered_lines": 0, "num_statements": 0, "percent_covered": 100.0, "percent_covered_display": "100.00", "missing_lines": 0, "excluded_lines": 0, "percent_statements_covered": 100.0, "percent_statements_covered_display": "100.00"}, "missing_lines": [], "excluded_lines": []}}}, "src/capybara/providers/router.py": {"e
[...]
"covered_lines": 0, "num_statements": 1, "percent_covered": 0.0, "percent_covered_display": "0.00", "missing_lines": 1, "excluded_lines": 0, "percent_statements_covered": 0.0, "percent_statements_covered_display": "0.00"}, "missing_lines": [68], "excluded_lines": []}, "MCPClient.is_connected": {"executed_lines": [], "summary": {"covered_lines": 0, "num_statements": 1, "percent_covered": 0.0, "percent_covered_display": "0.00", "missing_lines": 1, "excluded_lines": 0, "percent_statements_covered": 0.0, "percent_statements_covered_display": "0.00"}, "missing_lines": [73], "excluded_lines": []}, "MCPClient.call_tool": {"executed_lines": [], "summary": {"covered_lines": 0, "num_statements": 13, "percent_covered": 0.0, "percent_covered_display": "0.00", "missing_lines": 13, "excluded_lines": 0, "percent_statements_covered": 0.0, "percent_statements_covered_display": "0.00"}, "missing_lines": [77, 78, 79, 82, 83, 85, 91, 92, 93, 94, 95, 97, 98], "excluded_lines": []}, "MCPClient.disconnect": {"executed_lines": [], "summary": {"covered_lines": 0, "num_statements": 5, "percent_covered": 0.0, "percent_covered_display": "0.00", "missing_lines": 5, "excluded_lines": 0, "percent_statements_covered": 0.0, "percent_statements_covered_display": "0.00"}, "missing_lines": [102, 103, 104, 105, 106], "excluded_lines": []}, "": {"executed_lines": [], "summary": {"covered_lines": 0, "num_statements": 13, "percent_covered": 0.0, "percent_covered_display": "0.00", "missing_lines": 13, "excluded_lines": 0, "percent_statements_covered": 0.0, "percent_statements_covered_display": "0.00"}, "missing_lines": [3, 4, 6, 9, 12, 19, 54, 65, 66, 70, 71, 75, 100], "excluded_lines": []}}, "classes": {"MCPClient": {"executed_lines": [], "summary": {"covered_lines": 0, "num_statements": 43, "percent_covered": 0.0, "percent_covered_display": "0.00", "missing_lines": 43, "excluded_lines": 0, "percent_statements_covered": 0.0, "percent_statements_covered_display": "0.00"}, "missing_lines": [13, 14, 15, 16, 17, 21, 23, 24, 25, 26, 27, 29, 36, 37, 39, 42, 43, 47, 49, 50, 51, 52, 56, 68, 73, 77, 78, 79, 82, 83, 85, 91, 92, 93, 94, 95, 97, 98, 102, 103, 104, 105, 106], "excluded_lines": []}, "": {"executed_lines": [], "summary": {"covered_lines": 0, "num_statements": 13, "percent_covered": 0.0, "percent_covered_display": "0.00", "missing_lines": 13, "excluded_lines": 0, "percent_statements_covered": 0.0, "percent_statements_covered_display": "0.00"}, "missing_lines": [3, 4, 6, 9, 12, 19, 54, 65, 66, 70, 71, 75, 100], "excluded_lines": []}}}, "src/capybara/tools/registry.py": {"executed_lines": [1, 3, 4, 5, 6, 8, 11, 12, 14, 15, 16, 17, 19, 25, 44, 46, 48, 49, 50, 52, 54, 56, 57, 73, 74, 76, 78, 80, 98, 108, 109, 110, 111, 112, 113, 114, 116, 120, 122, 124, 125, 127, 129, 138, 142, 144, 146, 147, 150, 151, 152, 153, 154, 155, 157, 159, 161, 162, 163, 164], "summary": {"covered_lines": 58, "num_statements": 70, "percent_covered": 82.85714285714286, "percent_covered_display": "82.86", "missing_lines": 12, "excluded_lines": 0, "percent_statements_covered": 82.85714285714286, "percent_statements_covered_display": "82.86"}, "missing_lines": [21, 22, 23, 96, 118, 131, 132, 133, 134, 135, 136, 140], "excluded_lines": [], "functions": {"ToolRegistry.__init__": {"executed_lines": [15, 16, 17], "summary": {"covered_lines": 3, "num_statements": 3, "percent_covered": 100.0, "percent_covered_display": "100.00", "missing_lines": 0, "excluded_lines": 0, "percent_statements_covered": 100.0, "percent_statements_covered_display": "100.00"}, "missing_lines": [], "excluded_lines": []}, "ToolRegistry.unregister": {"executed_lines": [], "summary": {"covered_lines": 0, "num_statements": 3, "percent_covered": 0.0, "percent_covered_display": "0.00", "missing_lines": 3, "excluded_lines": 0, "percent_statements_covered": 0.0, "percent_statements_covered_display": "0.00"}, "missing_lines": [21, 22, 23], "excluded_lines": []}, "ToolRegistry.tool": {"executed_lines": [44, 78], "summary": {"covered_lines": 2, "num_statements": 2, "percent_covered": 100.0, "percent_covered_display": "100.00", "missing_lines": 0, "excluded_lines": 0, "percent_statements_covered": 100.0, "percent_statements_covered_display": "100.00"}, "missing_lines": [], "excluded_lines": []}, "ToolRegistry.tool.decorator": {"executed_lines": [46, 48, 49, 52, 54, 56, 57, 73, 74, 76], "summary": {"covered_lines": 10, "num_statements": 10, "percent_covered": 100.0, "percent_covered_display": "100.00", "missing_lines": 0, "excluded_lines": 0, "percent_statements_covered": 100.0, "percent_statements_covered_display": "100.00"}, "missing_lines": [], "excluded_lines": []}, "ToolRegistry.tool.decorator.async_wrapper": {"executed_lines": [50], "summary": {"covered_lines": 1, "num_statements": 1, "percent_covered": 100.0, "percent_covered_display": "100.00", "missing_lines": 0, "excluded_lines": 0, "percent_statements_covered": 100.0, "percent_statements_covered_display": "100.00"}, "missing_lines": [], "excluded_lines": []}, "ToolRegistry.register": {"executed_lines": [], "summary": {"covered_lines": 0, "num_statements": 1, "percent_covered": 0.0, "percent_covered_display": "0.00", "missing_lines": 1, "excluded_lines": 0, "percent_statements_covered": 0.0, "percent_statements_covered_display": "0.00"}, "missing_lines": [96], "excluded_lines": []}, "ToolRegistry.execute": {"executed_lines": [108, 109, 110, 111, 112, 113, 114], "summary": {"covered_lines": 7, "num_statements": 7, "percent_covered": 100.0, "percent_covered_display": "100.00", "missing_lines": 0, "excluded_lines": 0, "percent_statements_covered": 100.0, "percent_statements_covered_display": "100.00"}, "missing_lines": [], "excluded_lines": []}, "ToolRegistry.get_tool": {"executed_lines": [], "summary": {"covered_lines": 0, "num_statements": 1, "percent_covered": 0.0, "percent_covered_display": "0.00", "missing_lines": 1, "excluded_lines": 0, "percent_statements_covered": 0.0, "percent_statements_covered_display": "0.00"}, "missing_lines": [118], "excluded_lines": []}, "ToolRegistry.list_tools": {"executed_lines": [122], "summary": {"covered_lines": 1, "num_statements": 1, "percent_covered": 100.0, "percent_covered_display": "100.00", "missing_lines": 0, "excluded_lines": 0, "percent_statements_covered": 100.0, "percent_statements_covered_display": "100.00"}, "missing_lines": [], "excluded_lines": []}, "ToolRegistry.schemas": {"executed_lines": [127], "summary": {"covered_lines": 1, "num_statements": 1, "percent_covered": 100.0, "percent_covered_display": "100.00", "missing_lines": 0, "excluded_lines": 0, "percent_statements_covered": 100.0, "percent_statements_covered_display": "100.00"}, "missing_lines": [], "excluded_lines": []}, "ToolRegistry.merge": {"executed_lines": [], "summary": {"covered_lines": 0, "num_statements": 6, "percent_covered": 0.0, "percent_covered_display": "0.00", "missing_lines": 6, "excluded_lines": 0, "percent_statements_covered": 0.0, "percent_statements_covered_display": "0.00"}, "missing_lines": [131, 132, 133, 134, 135, 136], "excluded_lines": []}, "ToolRegistry.to_json": {"executed_lines": [], "summary": {"covered_lines": 0, "num_statements": 1, "percent_covered": 0.0, "percent_covered_display": "0.00", "missing_lines": 1, "excluded_lines": 0, "percent_statements_covered": 0.0, "percent_statements_covered_display": "0.00"}, "missing_lines": [140], "excluded_lines": []}, "ToolRegistry.filter_by_mode": {"executed_lines": [144, 146, 147, 150, 151, 152, 153, 154, 155, 157], "summary": {"covered_lines": 10, "num_statements": 10, "percent_covered": 100.0, "percent_covered_display": "100.00", "missing_lines": 0, "excluded_lines": 0, "percent_statements_covered": 100.0, "percent_statements_covered_display": "100.00"}, "missing_lines": [], "excluded_lines": []}, "ToolRegistry.is_tool_allowed": {"executed_lines": [161, 162, 163, 164], "summary": {"covered_lines": 4, "num_statements": 4, "percent_covered": 100.0, "percent_covered_display": "100.00", "missing_lines": 0, "excluded_lines": 0, "percent_statements_covered": 100.0, "percent_statements_covered_display": "100.00"}, "missing_lines": [], "excluded_lines": []}, "": {"executed_lines": [1, 3, 4, 5, 6, 8, 11, 12, 14, 19, 25, 80, 98, 116, 120, 124, 125, 129, 138, 142, 159], "summary": {"covered_lines": 19, "num_statements": 19, "percent_covered": 100.0, "percent_covered_display": "100.00", "missing_lines": 0, "excluded_lines": 0, "percent_statements_covered": 100.0, "percent_statements_covered_display": "100.00"}, "missing_lines": [], "excluded_lines": []}}, "classes": {"ToolRegistry": {"executed_lines": [15, 16, 17, 44, 46, 48, 49, 50, 52, 54, 56, 57, 73, 74, 76, 78, 108, 109, 110, 111, 112, 113, 114, 122, 127, 144, 146, 147, 150, 151, 152, 153, 154, 155, 157, 161, 162, 163, 164], "summary": {"covered_lines": 39, "num_statements": 51, "percent_covered": 76.47058823529412, "percent_covered_display": "76.47", "missing_lines": 12, "excluded_lines": 0, "percent_statements_covered": 76.47058823529412, "percent_statements_covered_display": "76.47"}, "missing_lines": [21, 22, 23, 96, 118, 131, 132, 133, 134, 135, 136, 140], "excluded_lines": []}, "": {"executed_lines": [1, 3, 4, 5, 6, 8, 11, 12, 14, 19, 25, 80, 98, 116, 120, 124, 125, 129, 138, 142, 159], "summary": {"covered_lines": 19, "num_statements": 19, "percent_covered": 100.0, "percent_covered_display": "100.00", "missing_lines": 0, "excluded_lines": 0, "percent_statements_covered": 100.0, "percent_statements_covered_display": "100.00"}, "missing_lines": [], "excluded_lines": []}}}, "src/capybara/ui/__init__.py": {"executed_lines": [1], "summary": {"covered_lines": 0, "num_statements": 0, "percent_covered": 100.0, "percent_covered_display": "100.00", "missing_lines": 0, "excluded_lines": 0, "percent_statements_covered": 100.0, "percent_statements_covered_display": "100.00"}, "missing_lines": [], "excluded_lines": [], "functions": {"": {"executed_lines": [1], "summary": {"covered_lines": 0, "num_statements": 0, "percent_covered": 100.0, "percent_covered_display": "100.00", "missing_lines": 0, "excluded_lines": 0, "percent_statements_covered": 100.0, "percent_statements_covered_display": "100.00"}, "missing_lines": [], "excluded_lines": []}}, "classes": {"": {"executed_lines": [1], "summary": {"covered_lines": 0, "num_statements": 0, "percent_covered": 100.0, "percent_covered_display": "100.00", "missing_lines": 0, "excluded_lines": 0, "percent_statements_covered": 100.0, "percent_statements_covered_display": "100.00"}, "missing_lines": [], "excluded_lines": []}}}, "src/capybara/ui/flow_renderer.py": {"executed_lines": [1, 3, 5, 6, 7, 8, 9, 11, 14, 15, 17, 18, 19, 20, 22, 48, 82, 84, 86, 88, 90, 92], "summary": {"covered_lines": 20, "num_statements": 48, "percent_covered": 41.666666666666664, "percent_covered_display": "41.67", "missing_lines": 28, "excluded_lines": 0, "percent_statements_covered": 41.666666666666664, "percent_statements_covered_display": "41.67"}, "missing_lines": [25, 26, 33, 36, 37, 38, 39, 41, 52, 53, 54, 55, 56, 57, 58, 59, 60, 61, 62, 63, 64, 65, 66, 68, 69, 72, 75, 77], "excluded_lines": [], "functions": {"CommunicationFlowRenderer.__init__": {"executed_lines": [18, 19, 20], "summary": {"covered_lines": 3, "num_statements": 3, "percent_covered": 100.0, "percent_covered_display": "100.00", "missing_lines": 0, "excluded_lines": 0, "percent_statements_covered": 100.0, "percent_statements_covered_display": "100.00"}, "missing_lines": [], "excluded_lines": []}, "CommunicationFlowRenderer.render": {"executed_lines": [], "summary": {"covered_lines": 0, "num_statements": 8, "percent_covered": 0.0, "percent_covered_display": "0.00", "missing_lines": 8, "excluded_lines": 0, "percent_statements_covered": 0.0, "percent_statements_covered_display": "0.00"}, "missing_lines": [25, 26, 33, 36, 37, 38, 39, 41], "excluded_lines": []}, "CommunicationFlowRenderer._format_agent_node": {"executed_lines": [], "summary": {"covered_lines": 0, "num_statements": 20, "percent_covered": 0.0, "percent_covered_display": "0.00", "missing_lines": 20, "excluded_lines": 0, "percent_statements_covered": 0.0, "percent_statements_covered_display": "0.00"}, "missing_lines": [52, 53, 54, 55, 56, 57, 58, 59, 60, 61, 62, 63, 64, 65, 66, 68, 69, 72, 75, 77], "excluded_lines": []}, "CommunicationFlowRenderer.update_parent": {"executed_lines": [84], "summary": {"covered_lines": 1, "num_statements": 1, "percent_covered": 100.0, "percent_covered_display": "100.00", "missing_lines": 0, "excluded_lines": 0, "percent_statements_covered": 100.0, "percent_statements_covered_display": "100.00"}, "missing_lines": [], "excluded_lines": []}, "CommunicationFlowRenderer.update_child": {"executed_lines": [88], "summary": {"covered_lines": 1, "num_statements": 1, "percent_covered": 100.0, "percent_covered_display": "100.00", "missing_lines": 0, "excluded_lines": 0, "percent_statements_covered": 100.0, "percent_statements_covered_display": "100.00"}, "missing_lines": [], "excluded_lines": []}, "CommunicationFlowRenderer.remove_child": {"executed_lines": [92], "summary": {"covered_lines": 1, "num_statements": 1, "percent_covered": 100.0, "percent_covered_display": "100.00", "missing_lines": 0, "excluded_lines": 0, "percent_statements_covered": 100.0, "percent_statements_covered_display": "100.00"}, "missing_lines": [], "excluded_lines": []}, "": {"executed_lines": [1, 3, 5, 6, 7, 8, 9, 11, 14, 15, 17, 22, 48, 82, 86, 90], "summary": {"covered_lines": 14, "num_statements": 14, "percent_covered": 100.0, "percent_covered_display": "100.00", "missing_lines": 0, "excluded_lines": 0, "percent_statements_covered": 100.0, "percent_statements_covered_display": "100.00"}, "missing_lines": [], "excluded_lines": []}}, "classes": {"CommunicationFlowRenderer": {"executed_lines": [18, 19, 20, 84, 88, 92], "summary": {"covered_lines": 6, "num_statements": 34, "percent_covered": 17.647058823529413, "percent_covered_display": "17.65", "missing_lines": 28, "excluded_lines": 0, "percent_statements_covered": 17.647058823529413, "percent_statements_covered_display": "17.65"}, "missing_lines": [25, 26, 33, 36, 37, 38, 39, 41, 52, 53, 54, 55, 56, 57, 58, 59, 60, 61, 62, 63, 64, 65, 66, 68, 69, 72, 75, 77], "excluded_lines": []}, "": {"executed_lines": [1, 3, 5, 6, 7, 8, 9, 11, 14, 15, 17, 22, 48, 82, 86, 90], "summary": {"covered_lines": 14, "num_statements": 14, "percent_covered": 100.0, "percent_covered_display": "100.00", "missing_lines": 0, "excluded_lines": 0, "percent_statements_covered": 100.0, "percent_statements_covered_display": "100.00"}, "missing_lines": [], "excluded_lines": []}}}, "src/capybara/ui/todo_panel.py": {"executed_lines": [1, 3, 5, 6, 7, 8, 10, 11, 14, 15, 27, 33, 34, 37, 39, 47, 50, 51, 53, 55, 57, 59, 61, 63, 65, 73, 74, 76, 77, 79, 80, 81, 82, 84, 85, 88, 89, 90, 91, 92, 94, 103, 112, 113, 114, 115, 116, 117, 119, 121, 130, 131, 132, 133, 134, 135, 137, 139, 141], "summary": {"covered_lines": 57, "num_statements": 57, "percent_covered": 100.0, "percent_covered_display": "100.00", "missing_lines": 0, "excluded_lines": 0, "percent_statements_covered": 100.0, "percent_statements_covered_display": "100.00"}, "missing_lines": [], "excluded_lines": [], "functions": {"PersistentTodoPanel.__init__": {"executed_lines": [33, 34, 37], "summary": {"covered_lines": 3, "num_statements": 3, "percent_covered": 100.0, "percent_covered_display": "100.00", "missing_lines": 0, "excluded_lines": 0, "percent_statements_covered": 100.0, "percent_statements_covered_display": "100.00"}, "missing_lines": [], "excluded_lines": []}, "PersistentTodoPanel._on_todos_updated": {"executed_lines": [47, 50, 51], "summary": {"covered_lines": 3, "num_statements": 3, "percent_covered": 100.0, "percent_covered_display": "100.00", "missing_lines": 0, "excluded_lines": 0, "percent_statements_covered": 100.0, "percent_statements_covered_display": "100.00"}, "missing_lines": [], "excluded_lines": []}, "PersistentTodoPanel.toggle_visibility": {"executed_lines": [55], "summary": {"covered_lines": 1, "num_statements": 1, "percent_covered": 100.0, "percent_covered_display": "100.00", "missing_lines": 0, "excluded_lines": 0, "percent_statements_covered": 100.0, "percent_statements_covered_display": "100.00"}, "missing_lines": [], "excluded_lines": []}, "PersistentTodoPanel.show": {"executed_lines": [59], "summary": {"covered_lines": 1, "num_statements": 1, "percent_covered": 100.0, "percent_covered_display": "100.00", "missing_lines": 0, "excluded_lines": 0, "percent_statements_covered": 100.0, "percent_statements_covered_display": "100.00"}, "missing_lines": [], "excluded_lines": []}, "PersistentTodoPanel.hide": {"executed_lines": [63], "summary": {"covered_lines": 1, "num_statements": 1, "percent_covered": 100.0, "percent_covered_display": "100.00", "missing_lines": 0, "excluded_lines": 0, "percent_statements_covered": 100.0, "percent_statements_covered_display": "100.00"}, "missing_lines": [], "excluded_lines": []}, "PersistentTodoPanel.render": {"executed_lines": [73, 74, 76, 77, 79, 80, 81, 82, 84, 85, 88, 89, 90, 91, 92, 94], "summary": {"covered_lines": 16, "num_statements": 16, "percent_covered": 100.0, "percent_covered_display": "100.00", "missing_lines": 0, "excluded_lines": 0, "percent_statements_covered": 100.0, "percent_statements_covered_display": "100.00"}, "missing_lines": [], "excluded_lines": []}, "PersistentTodoPanel._get_icon": {"executed_lines": [112, 113, 114, 115, 116, 117, 119], "summary": {"covered_lines": 7, "num_statements": 7, "percent_covered": 100.0, "percent_covered_display": "100.00", "missing_lines": 0, "excluded_lines": 0, "percent_statements_covered": 100.0, "percent_statements_covered_display": "100.00"}, "missing_lines": [], "excluded_lines": []}, "PersistentTodoPanel._get_style": {"executed_lines": [130, 131, 132, 133, 134, 135, 137], "summary": {"covered_lines": 7, "num_statements": 7, "percent_covered": 100.0, "percent_covered_display": "100.00", "missing_lines": 0, "excluded_lines": 0, "percent_statements_covered": 100.0, "percent_statements_covered_display": "100.00"}, "missing_lines": [], "excluded_lines": []}, "PersistentTodoPanel.cleanup": {"executed_lines": [141], "summary": {"covered_lines": 1, "num_statements": 1, "percent_covered": 100.0, "percent_covered_display": "100.00", "missing_lines": 0, "excluded_lines": 0, "percent_statements_covered": 100.0, "percent_statements_covered_display": "100.00"}, "missing_lines": [], "excluded_lines": []}, "": {"executed_lines": [1, 3, 5, 6, 7, 8, 10, 11, 14, 15, 27, 39, 53, 57, 61, 65, 103, 121, 139], "summary": {"covered_lines": 17, "num_statements": 17, "percent_covered": 100.0, "percent_covered_display": "100.00", "missing_lines": 0, "excluded_lines": 0, "percent_statements_covered": 100.0, "percent_statements_covered_display": "100.00"}, "missing_lines": [], "excluded_lines": []}}, "classes": {"PersistentTodoPanel": {"executed_lines": [33, 34, 37, 47, 50, 51, 55, 59, 63, 73, 74, 76, 77, 79, 80, 81, 82, 84, 85, 88, 89, 90, 91, 92, 94, 112, 113, 114, 115, 116, 117, 119, 130, 131, 132, 133, 134, 135, 137, 141], "summary": {"covered_lines": 40, "num_statements": 40, "percent_covered": 100.0, "percent_covered_display": "100.00", "missing_lines": 0, "excluded_lines": 0, "percent_statements_covered": 100.0, "percent_statements_covered_display": "100.00"}, "missing_lines": [], "excluded_lines": []}, "": {"executed_lines": [1, 3, 5, 6, 7, 8, 10, 11, 14, 15, 27, 39, 53, 57, 61, 65, 103, 121, 139], "summary": {"covered_lines": 17, "num_statements": 17, "percent_covered": 100.0, "percent_covered_display": "100.00", "missing_lines": 0, "excluded_lines": 0, "percent_statements_covered": 100.0, "percent_statements_covered_display": "100.00"}, "missing_lines": [], "excluded_lines": []}}}}, "totals": {"covered_lines": 871, "num_statements": 2068, "percent_covered": 42.11798839458414, "percent_covered_display": "42.12", "missing_lines": 1197, "excluded_lines": 6, "percent_statements_covered": 42.11798839458414, "percent_statements_covered_display": "42.12"}}