{"meta": {"format": 3, "version": "7.13.0", "timestamp": "2026-01-06T16:52:34.113684", "branch_coverage": false, "show_contexts": false}, "files": {"src/capybara/memory/storage.py": {"executed_lines": [1, 3, 4, 5, 6, 8, 10, 12, 15, 16, 18, 19, 20, 21, 23, 25, 27, 29, 30, 32, 33, 44, 56, 67, 71, 75, 81, 82, 83, 85, 86, 87, 89, 90, 92, 101, 102, 104, 105, 109, 111, 143, 145, 147, 148, 149, 153, 155, 156, 166, 168, 183, 192, 203, 220, 234, 253, 278, 289, 290, 291, 293, 294, 298, 300, 312, 314, 315, 316, 320, 322, 323, 325], "summary": {"covered_lines": 71, "num_statements": 134, "percent_covered": 52.985074626865675, "percent_covered_display": "52.99", "missing_lines": 63, "excluded_lines": 0, "percent_statements_covered": 52.985074626865675, "percent_statements_covered_display": "52.99"}, "missing_lines": [117, 118, 120, 121, 123, 124, 137, 141, 157, 158, 159, 160, 161, 162, 163, 164, 170, 172, 173, 174, 179, 181, 185, 187, 188, 189, 190, 194, 196, 197, 201, 205, 207, 208, 209, 213, 215, 216, 218, 222, 224, 225, 226, 230, 232, 242, 243, 244, 246, 247, 251, 259, 261, 262, 263, 267, 269, 270, 271, 272, 273, 274, 276], "excluded_lines": [], "functions": {"ConversationStorage.__init__": {"executed_lines": [19, 20, 21], "summary": {"covered_lines": 3, "num_statements": 3, "percent_covered": 100.0, "percent_covered_display": "100.00", "missing_lines": 0, "excluded_lines": 0, "percent_statements_covered": 100.0, "percent_statements_covered_display": "100.00"}, "missing_lines": [], "excluded_lines": []}, "ConversationStorage.initialize": {"executed_lines": [25], "summary": {"covered_lines": 1, "num_statements": 1, "percent_covered": 100.0, "percent_covered_display": "100.00", "missing_lines": 0, "excluded_lines": 0, "percent_statements_covered": 100.0, "percent_statements_covered_display": "100.00"}, "missing_lines": [], "excluded_lines": []}, "ConversationStorage._init_db": {"executed_lines": [29, 30, 32, 33, 44, 56, 67, 71, 75, 81, 82, 83, 85, 86, 87, 89, 90], "summary": {"covered_lines": 17, "num_statements": 17, "percent_covered": 100.0, "percent_covered_display": "100.00", "missing_lines": 0, "excluded_lines": 0, "percent_statements_covered": 100.0, "percent_statements_covered_display": "100.00"}, "missing_lines": [], "excluded_lines": []}, "ConversationStorage.create_session": {"executed_lines": [101, 102, 104, 105, 109], "summary": {"covered_lines": 5, "num_statements": 5, "percent_covered": 100.0, "percent_covered_display": "100.00", "missing_lines": 0, "excluded_lines": 0, "percent_statements_covered": 100.0, "percent_statements_covered_display": "100.00"}, "missing_lines": [], "excluded_lines": []}, "ConversationStorage.save_message": {"executed_lines": [], "summary": {"covered_lines": 0, "num_statements": 8, "percent_covered": 0.0, "percent_covered_display": "0.00", "missing_lines": 8, "excluded_lines": 0, "percent_statements_covered": 0.0, "percent_statements_covered_display": "0.00"}, "missing_lines": [117, 118, 120, 121, 123, 124, 137, 141], "excluded_lines": []}, "ConversationStorage.load_session": {"executed_lines": [145, 147, 148, 149, 153, 155, 156, 166], "summary": {"covered_lines": 8, "num_statements": 16, "percent_covered": 50.0, "percent_covered_display": "50.00", "missing_lines": 8, "excluded_lines": 0, "percent_statements_covered": 50.0, "percent_statements_covered_display": "50.00"}, "missing_lines": [157, 158, 159, 160, 161, 162, 163, 164], "excluded_lines": []}, "ConversationStorage.list_sessions": {"executed_lines": [], "summary": {"covered_lines": 0, "num_statements": 6, "percent_covered": 0.0, "percent_covered_display": "0.00", "missing_lines": 6, "excluded_lines": 0, "percent_statements_covered": 0.0, "percent_statements_covered_display": "0.00"}, "missing_lines": [170, 172, 173, 174, 179, 181], "excluded_lines": []}, "ConversationStorage.delete_session": {"executed_lines": [], "summary": {"covered_lines": 0, "num_statements": 5, "percent_covered": 0.0, "percent_covered_display": "0.00", "missing_lines": 5, "excluded_lines": 0, "percent_statements_covered": 0.0, "percent_statements_covered_display": "0.00"}, "missing_lines": [185, 187, 188, 189, 190], "excluded_lines": []}, "ConversationStorage.update_session_title": {"executed_lines": [], "summary": {"covered_lines": 0, "num_statements": 4, "percent_covered": 0.0, "percent_covered_display": "0.00", "missing_lines": 4, "excluded_lines": 0, "percent_statements_covered": 0.0, "percent_statements_covered_display": "0.00"}, "missing_lines": [194, 196, 197, 201], "excluded_lines": []}, "ConversationStorage.get_session_hierarchy": {"executed_lines": [], "summary": {"covered_lines": 0, "num_statements": 8, "percent_covered": 0.0, "percent_covered_display": "0.00", "missing_lines": 8, "excluded_lines": 0, "percent_statements_covered": 0.0, "percent_statements_covered_display": "0.00"}, "missing_lines": [205, 207, 208, 209, 213, 215, 216, 218], "excluded_lines": []}, "ConversationStorage.get_child_sessions": {"executed_lines": [], "summary": {"covered_lines": 0, "num_statements": 6, "percent_covered": 0.0, "percent_covered_display": "0.00", "missing_lines": 6, "excluded_lines": 0, "percent_statements_covered": 0.0, "percent_statements_covered_display": "0.00"}, "missing_lines": [222, 224, 225, 226, 230, 232], "excluded_lines": []}, "ConversationStorage.log_session_event": {"executed_lines": [], "summary": {"covered_lines": 0, "num_statements": 6, "percent_covered": 0.0, "percent_covered_display": "0.00", "missing_lines": 6, "excluded_lines": 0, "percent_statements_covered": 0.0, "percent_statements_covered_display": "0.00"}, "missing_lines": [242, 243, 244, 246, 247, 251], "excluded_lines": []}, "ConversationStorage.get_session_events": {"executed_lines": [], "summary": {"covered_lines": 0, "num_statements": 12, "percent_covered": 0.0, "percent_covered_display": "0.00", "missing_lines": 12, "excluded_lines": 0, "percent_statements_covered": 0.0, "percent_statements_covered_display": "0.00"}, "missing_lines": [259, 261, 262, 263, 267, 269, 270, 271, 272, 273, 274, 276], "excluded_lines": []}, "ConversationStorage.save_session_metadata": {"executed_lines": [289, 290, 291, 293, 294, 298], "summary": {"covered_lines": 6, "num_statements": 6, "percent_covered": 100.0, "percent_covered_display": "100.00", "missing_lines": 0, "excluded_lines": 0, "percent_statements_covered": 100.0, "percent_statements_covered_display": "100.00"}, "missing_lines": [], "excluded_lines": []}, "ConversationStorage.load_session_metadata": {"executed_lines": [312, 314, 315, 316, 320, 322, 323, 325], "summary": {"covered_lines": 8, "num_statements": 8, "percent_covered": 100.0, "percent_covered_display": "100.00", "missing_lines": 0, "excluded_lines": 0, "percent_statements_covered": 100.0, "percent_statements_covered_display": "100.00"}, "missing_lines": [], "excluded_lines": []}, "": {"executed_lines": [1, 3, 4, 5, 6, 8, 10, 12, 15, 16, 18, 23, 27, 92, 111, 143, 168, 183, 192, 203, 220, 234, 253, 278, 300], "summary": {"covered_lines": 23, "num_statements": 23, "percent_covered": 100.0, "percent_covered_display": "100.00", "missing_lines": 0, "excluded_lines": 0, "percent_statements_covered": 100.0, "percent_statements_covered_display": "100.00"}, "missing_lines": [], "excluded_lines": []}}, "classes": {"ConversationStorage": {"executed_lines": [19, 20, 21, 25, 29, 30, 32, 33, 44, 56, 67, 71, 75, 81, 82, 83, 85, 86, 87, 89, 90, 101, 102, 104, 105, 109, 145, 147, 148, 149, 153, 155, 156, 166, 289, 290, 291, 293, 294, 298, 312, 314, 315, 316, 320, 322, 323, 325], "summary": {"covered_lines": 48, "num_statements": 111, "percent_covered": 43.24324324324324, "percent_covered_display": "43.24", "missing_lines": 63, "excluded_lines": 0, "percent_statements_covered": 43.24324324324324, "percent_statements_covered_display": "43.24"}, "missing_lines": [117, 118, 120, 121, 123, 124, 137, 141, 157, 158, 159, 160, 161, 162, 163, 164, 170, 172, 173, 174, 179, 181, 185, 187, 188, 189, 190, 194, 196, 197, 201, 205, 207, 208, 209, 213, 215, 216, 218, 222, 224, 225, 226, 230, 232, 242, 243, 244, 246, 247, 251, 259, 261, 262, 263, 267, 269, 270, 271, 272, 273, 274, 276], "excluded_lines": []}, "": {"executed_lines": [1, 3, 4, 5, 6, 8, 10, 12, 15, 16, 18, 23, 27, 92, 111, 143, 168, 183, 192, 203, 220, 234, 253, 278, 300], "summary": {"covered_lines": 23, "num_statements": 23, "percent_covered": 100.0, "percent_covered_display": "100.00", "missing_lines": 0, "excluded_lines": 0, "percent_statements_covered": 100.0, "percent_statements_covered_display": "100.00"}, "missing_lines": [], "excluded_lines": []}}}}, "totals": {"covered_lines": 71, "num_statements": 134, "percent_covered": 52.985074626865675, "percent_covered_display": "52.99", "missing_lines": 63, "excluded_lines": 0, "percent_statements_covered": 52.985074626865675, "percent_statements_covered_display": "52.99"}}